2024-04-13 17:58:16.410849: E external/local_xla/xla/stream_executor/cuda/cuda_dnn.cc:9261] Unable to register cuDNN factory: Attempting to register factory for plugin cuDNN when one has already been registered
2024-04-13 17:58:16.410912: E external/local_xla/xla/stream_executor/cuda/cuda_fft.cc:607] Unable to register cuFFT factory: Attempting to register factory for plugin cuFFT when one has already been registered
2024-04-13 17:58:16.411985: E external/local_xla/xla/stream_executor/cuda/cuda_blas.cc:1515] Unable to register cuBLAS factory: Attempting to register factory for plugin cuBLAS when one has already been registered
2024-04-13 17:58:16.417840: I tensorflow/core/platform/cpu_feature_guard.cc:182] This TensorFlow binary is optimized to use available CPU instructions in performance-critical operations.
To enable the following instructions: AVX2 FMA, in other operations, rebuild TensorFlow with the appropriate compiler flags.
2024-04-13 17:58:17.177766: W tensorflow/compiler/tf2tensorrt/utils/py_utils.cc:38] TF-TRT Warning: Could not find TensorRT
2024-04-13 17:58:17.830239: I external/local_xla/xla/stream_executor/cuda/cuda_executor.cc:901] successful NUMA node read from SysFS had negative value (-1), but there must be at least one NUMA node, so returning NUMA node zero. See more at https://github.com/torvalds/linux/blob/v6.0/Documentation/ABI/testing/sysfs-bus-pci#L344-L355
2024-04-13 17:58:17.865473: I external/local_xla/xla/stream_executor/cuda/cuda_executor.cc:901] successful NUMA node read from SysFS had negative value (-1), but there must be at least one NUMA node, so returning NUMA node zero. See more at https://github.com/torvalds/linux/blob/v6.0/Documentation/ABI/testing/sysfs-bus-pci#L344-L355
2024-04-13 17:58:17.865713: I external/local_xla/xla/stream_executor/cuda/cuda_executor.cc:901] successful NUMA node read from SysFS had negative value (-1), but there must be at least one NUMA node, so returning NUMA node zero. See more at https://github.com/torvalds/linux/blob/v6.0/Documentation/ABI/testing/sysfs-bus-pci#L344-L355
Num GPUs Available:  1
Found 100000 files belonging to 200 classes.
2024-04-13 17:58:21.492822: I external/local_xla/xla/stream_executor/cuda/cuda_executor.cc:901] successful NUMA node read from SysFS had negative value (-1), but there must be at least one NUMA node, so returning NUMA node zero. See more at https://github.com/torvalds/linux/blob/v6.0/Documentation/ABI/testing/sysfs-bus-pci#L344-L355
2024-04-13 17:58:21.493101: I external/local_xla/xla/stream_executor/cuda/cuda_executor.cc:901] successful NUMA node read from SysFS had negative value (-1), but there must be at least one NUMA node, so returning NUMA node zero. See more at https://github.com/torvalds/linux/blob/v6.0/Documentation/ABI/testing/sysfs-bus-pci#L344-L355
2024-04-13 17:58:21.493309: I external/local_xla/xla/stream_executor/cuda/cuda_executor.cc:901] successful NUMA node read from SysFS had negative value (-1), but there must be at least one NUMA node, so returning NUMA node zero. See more at https://github.com/torvalds/linux/blob/v6.0/Documentation/ABI/testing/sysfs-bus-pci#L344-L355
2024-04-13 17:58:21.581829: I external/local_xla/xla/stream_executor/cuda/cuda_executor.cc:901] successful NUMA node read from SysFS had negative value (-1), but there must be at least one NUMA node, so returning NUMA node zero. See more at https://github.com/torvalds/linux/blob/v6.0/Documentation/ABI/testing/sysfs-bus-pci#L344-L355
2024-04-13 17:58:21.582079: I external/local_xla/xla/stream_executor/cuda/cuda_executor.cc:901] successful NUMA node read from SysFS had negative value (-1), but there must be at least one NUMA node, so returning NUMA node zero. See more at https://github.com/torvalds/linux/blob/v6.0/Documentation/ABI/testing/sysfs-bus-pci#L344-L355
2024-04-13 17:58:21.582288: I external/local_xla/xla/stream_executor/cuda/cuda_executor.cc:901] successful NUMA node read from SysFS had negative value (-1), but there must be at least one NUMA node, so returning NUMA node zero. See more at https://github.com/torvalds/linux/blob/v6.0/Documentation/ABI/testing/sysfs-bus-pci#L344-L355
2024-04-13 17:58:21.582452: I tensorflow/core/common_runtime/gpu/gpu_device.cc:1929] Created device /job:localhost/replica:0/task:0/device:GPU:0 with 5491 MB memory:  -> device: 0, name: NVIDIA GeForce GTX 1060 6GB, pci bus id: 0000:01:00.0, compute capability: 6.1
Found 10000 files belonging to 200 classes.
Model: "model"
_________________________________________________________________
 Layer (type)                Output Shape              Param #   
=================================================================
 input_1 (InputLayer)        [(None, 224, 224, 3)]     0         
                                                                 
 conv2d (Conv2D)             (None, 111, 111, 24)      672       
                                                                 
 batch_normalization (Batch  (None, 111, 111, 24)      96        
 Normalization)                                                  
                                                                 
 activation (Activation)     (None, 111, 111, 24)      0         
                                                                 
 linear_bottleneck_block (L  (None, 56, 56, 24)        1368      
 inearBottleneckBlock)                                           
                                                                 
 linear_bottleneck_block_1   (None, 56, 56, 24)        1368      
 (LinearBottleneckBlock)                                         
                                                                 
 linear_bottleneck_block_2   (None, 56, 56, 24)        1368      
 (LinearBottleneckBlock)                                         
                                                                 
 linear_bottleneck_block_3   (None, 56, 56, 24)        1368      
 (LinearBottleneckBlock)                                         
                                                                 
 linear_bottleneck_block_4   (None, 28, 28, 96)        4464      
 (LinearBottleneckBlock)                                         
                                                                 
 linear_bottleneck_block_5   (None, 28, 28, 96)        12384     
 (LinearBottleneckBlock)                                         
                                                                 
 linear_bottleneck_block_6   (None, 28, 28, 96)        12384     
 (LinearBottleneckBlock)                                         
                                                                 
 linear_bottleneck_block_7   (None, 28, 28, 96)        12384     
 (LinearBottleneckBlock)                                         
                                                                 
 linear_bottleneck_block_8   (None, 14, 14, 168)       20664     
 (LinearBottleneckBlock)                                         
                                                                 
 linear_bottleneck_block_9   (None, 14, 14, 168)       33768     
 (LinearBottleneckBlock)                                         
                                                                 
 linear_bottleneck_block_10  (None, 14, 14, 168)       33768     
  (LinearBottleneckBlock)                                        
                                                                 
 linear_bottleneck_block_11  (None, 7, 7, 192)         38256     
  (LinearBottleneckBlock)                                        
                                                                 
 linear_bottleneck_block_12  (None, 7, 7, 384)         83712     
  (LinearBottleneckBlock)                                        
                                                                 
 global_average_pooling2d (  (None, 384)               0         
 GlobalAveragePooling2D)                                         
                                                                 
 dropout (Dropout)           (None, 384)               0         
                                                                 
 dense (Dense)               (None, 200)               77000     
                                                                 
=================================================================
Total params: 335024 (1.28 MB)
Trainable params: 326336 (1.24 MB)
Non-trainable params: 8688 (33.94 KB)
_________________________________________________________________
Epoch 1/100
2024-04-13 17:59:04.360929: I external/local_xla/xla/stream_executor/cuda/cuda_dnn.cc:454] Loaded cuDNN version 8904
2024-04-13 17:59:06.504913: I external/local_xla/xla/service/service.cc:168] XLA service 0x7fe5703dce60 initialized for platform CUDA (this does not guarantee that XLA will be used). Devices:
2024-04-13 17:59:06.504972: I external/local_xla/xla/service/service.cc:176]   StreamExecutor device (0): NVIDIA GeForce GTX 1060 6GB, Compute Capability 6.1
WARNING: All log messages before absl::InitializeLog() is called are written to STDERR
I0000 00:00:1713027546.566512  149266 device_compiler.h:186] Compiled cluster using XLA!  This line is logged at most once for the lifetime of the process.
782/782 - 248s - loss: 4.9029 - Top-1 Accuracy: 0.0366 - Top-5 Accuracy: 0.1267 - val_loss: 4.9687 - val_Top-1 Accuracy: 0.0453 - val_Top-5 Accuracy: 0.1571 - lr: 0.1000 - 248s/epoch - 317ms/step
Epoch 2/100
782/782 - 232s - loss: 4.1091 - Top-1 Accuracy: 0.1133 - Top-5 Accuracy: 0.3159 - val_loss: 5.5152 - val_Top-1 Accuracy: 0.0506 - val_Top-5 Accuracy: 0.1639 - lr: 0.1000 - 232s/epoch - 297ms/step
Epoch 3/100
782/782 - 232s - loss: 3.6431 - Top-1 Accuracy: 0.1794 - Top-5 Accuracy: 0.4322 - val_loss: 4.5815 - val_Top-1 Accuracy: 0.0874 - val_Top-5 Accuracy: 0.2580 - lr: 0.1000 - 232s/epoch - 297ms/step
Epoch 4/100
782/782 - 232s - loss: 3.3562 - Top-1 Accuracy: 0.2279 - Top-5 Accuracy: 0.4986 - val_loss: 3.7676 - val_Top-1 Accuracy: 0.1774 - val_Top-5 Accuracy: 0.4221 - lr: 0.1000 - 232s/epoch - 296ms/step
Epoch 5/100
782/782 - 232s - loss: 3.1526 - Top-1 Accuracy: 0.2672 - Top-5 Accuracy: 0.5440 - val_loss: 3.3382 - val_Top-1 Accuracy: 0.2420 - val_Top-5 Accuracy: 0.5170 - lr: 0.1000 - 232s/epoch - 296ms/step
Epoch 6/100
782/782 - 232s - loss: 2.9920 - Top-1 Accuracy: 0.2960 - Top-5 Accuracy: 0.5790 - val_loss: 3.8863 - val_Top-1 Accuracy: 0.1884 - val_Top-5 Accuracy: 0.4275 - lr: 0.1000 - 232s/epoch - 297ms/step
Epoch 7/100
782/782 - 232s - loss: 2.8665 - Top-1 Accuracy: 0.3213 - Top-5 Accuracy: 0.6061 - val_loss: 3.5539 - val_Top-1 Accuracy: 0.2360 - val_Top-5 Accuracy: 0.4822 - lr: 0.1000 - 232s/epoch - 296ms/step
Epoch 8/100
782/782 - 232s - loss: 2.7493 - Top-1 Accuracy: 0.3435 - Top-5 Accuracy: 0.6305 - val_loss: 3.2784 - val_Top-1 Accuracy: 0.2619 - val_Top-5 Accuracy: 0.5268 - lr: 0.1000 - 232s/epoch - 296ms/step
Epoch 9/100
782/782 - 232s - loss: 2.6582 - Top-1 Accuracy: 0.3609 - Top-5 Accuracy: 0.6500 - val_loss: 3.1160 - val_Top-1 Accuracy: 0.2959 - val_Top-5 Accuracy: 0.5559 - lr: 0.1000 - 232s/epoch - 296ms/step
Epoch 10/100
782/782 - 232s - loss: 2.5792 - Top-1 Accuracy: 0.3773 - Top-5 Accuracy: 0.6644 - val_loss: 3.1862 - val_Top-1 Accuracy: 0.2877 - val_Top-5 Accuracy: 0.5553 - lr: 0.1000 - 232s/epoch - 296ms/step
Epoch 11/100
782/782 - 232s - loss: 2.5012 - Top-1 Accuracy: 0.3919 - Top-5 Accuracy: 0.6802 - val_loss: 3.0848 - val_Top-1 Accuracy: 0.2964 - val_Top-5 Accuracy: 0.5609 - lr: 0.1000 - 232s/epoch - 297ms/step
Epoch 12/100
782/782 - 232s - loss: 2.4408 - Top-1 Accuracy: 0.4051 - Top-5 Accuracy: 0.6922 - val_loss: 3.2639 - val_Top-1 Accuracy: 0.2690 - val_Top-5 Accuracy: 0.5415 - lr: 0.1000 - 232s/epoch - 297ms/step
Epoch 13/100
782/782 - 232s - loss: 2.3897 - Top-1 Accuracy: 0.4159 - Top-5 Accuracy: 0.7013 - val_loss: 3.7675 - val_Top-1 Accuracy: 0.2198 - val_Top-5 Accuracy: 0.4539 - lr: 0.1000 - 232s/epoch - 297ms/step
Epoch 14/100
782/782 - 233s - loss: 2.3343 - Top-1 Accuracy: 0.4270 - Top-5 Accuracy: 0.7111 - val_loss: 2.9147 - val_Top-1 Accuracy: 0.3364 - val_Top-5 Accuracy: 0.6016 - lr: 0.1000 - 233s/epoch - 297ms/step
Epoch 15/100
782/782 - 233s - loss: 2.2895 - Top-1 Accuracy: 0.4352 - Top-5 Accuracy: 0.7182 - val_loss: 2.7668 - val_Top-1 Accuracy: 0.3499 - val_Top-5 Accuracy: 0.6322 - lr: 0.1000 - 233s/epoch - 297ms/step
Epoch 16/100
782/782 - 232s - loss: 2.2404 - Top-1 Accuracy: 0.4475 - Top-5 Accuracy: 0.7285 - val_loss: 2.9458 - val_Top-1 Accuracy: 0.3257 - val_Top-5 Accuracy: 0.5938 - lr: 0.1000 - 232s/epoch - 297ms/step
Epoch 17/100
782/782 - 233s - loss: 2.2125 - Top-1 Accuracy: 0.4514 - Top-5 Accuracy: 0.7325 - val_loss: 2.8099 - val_Top-1 Accuracy: 0.3548 - val_Top-5 Accuracy: 0.6267 - lr: 0.1000 - 233s/epoch - 297ms/step
Epoch 18/100

Epoch 18: ReduceLROnPlateau reducing learning rate to 0.010000000149011612.
782/782 - 233s - loss: 2.1716 - Top-1 Accuracy: 0.4613 - Top-5 Accuracy: 0.7395 - val_loss: 3.0977 - val_Top-1 Accuracy: 0.3135 - val_Top-5 Accuracy: 0.5922 - lr: 0.1000 - 233s/epoch - 298ms/step
Epoch 19/100
782/782 - 232s - loss: 1.9689 - Top-1 Accuracy: 0.5040 - Top-5 Accuracy: 0.7753 - val_loss: 2.1869 - val_Top-1 Accuracy: 0.4710 - val_Top-5 Accuracy: 0.7340 - lr: 0.0100 - 232s/epoch - 297ms/step
Epoch 20/100
782/782 - 232s - loss: 1.8761 - Top-1 Accuracy: 0.5232 - Top-5 Accuracy: 0.7896 - val_loss: 2.1577 - val_Top-1 Accuracy: 0.4786 - val_Top-5 Accuracy: 0.7430 - lr: 0.0100 - 232s/epoch - 297ms/step
Epoch 21/100
782/782 - 232s - loss: 1.8464 - Top-1 Accuracy: 0.5306 - Top-5 Accuracy: 0.7941 - val_loss: 2.1681 - val_Top-1 Accuracy: 0.4749 - val_Top-5 Accuracy: 0.7411 - lr: 0.0100 - 232s/epoch - 297ms/step
Epoch 22/100
782/782 - 232s - loss: 1.8193 - Top-1 Accuracy: 0.5351 - Top-5 Accuracy: 0.7985 - val_loss: 2.1545 - val_Top-1 Accuracy: 0.4799 - val_Top-5 Accuracy: 0.7462 - lr: 0.0100 - 232s/epoch - 297ms/step
Epoch 23/100
782/782 - 232s - loss: 1.8033 - Top-1 Accuracy: 0.5395 - Top-5 Accuracy: 0.8004 - val_loss: 2.1691 - val_Top-1 Accuracy: 0.4769 - val_Top-5 Accuracy: 0.7424 - lr: 0.0100 - 232s/epoch - 297ms/step
Epoch 24/100
782/782 - 232s - loss: 1.7887 - Top-1 Accuracy: 0.5414 - Top-5 Accuracy: 0.8026 - val_loss: 2.2205 - val_Top-1 Accuracy: 0.4662 - val_Top-5 Accuracy: 0.7315 - lr: 0.0100 - 232s/epoch - 297ms/step
Epoch 25/100

Epoch 25: ReduceLROnPlateau reducing learning rate to 0.0009999999776482583.
782/782 - 232s - loss: 1.7748 - Top-1 Accuracy: 0.5443 - Top-5 Accuracy: 0.8046 - val_loss: 2.1870 - val_Top-1 Accuracy: 0.4720 - val_Top-5 Accuracy: 0.7410 - lr: 0.0100 - 232s/epoch - 297ms/step
Epoch 26/100
782/782 - 232s - loss: 1.7380 - Top-1 Accuracy: 0.5529 - Top-5 Accuracy: 0.8116 - val_loss: 2.1216 - val_Top-1 Accuracy: 0.4878 - val_Top-5 Accuracy: 0.7529 - lr: 1.0000e-03 - 232s/epoch - 297ms/step
Epoch 27/100
782/782 - 232s - loss: 1.7319 - Top-1 Accuracy: 0.5565 - Top-5 Accuracy: 0.8126 - val_loss: 2.1188 - val_Top-1 Accuracy: 0.4873 - val_Top-5 Accuracy: 0.7515 - lr: 1.0000e-03 - 232s/epoch - 297ms/step
Epoch 28/100
782/782 - 232s - loss: 1.7240 - Top-1 Accuracy: 0.5564 - Top-5 Accuracy: 0.8138 - val_loss: 2.1199 - val_Top-1 Accuracy: 0.4876 - val_Top-5 Accuracy: 0.7513 - lr: 1.0000e-03 - 232s/epoch - 297ms/step
Epoch 29/100
782/782 - 232s - loss: 1.7240 - Top-1 Accuracy: 0.5582 - Top-5 Accuracy: 0.8143 - val_loss: 2.1194 - val_Top-1 Accuracy: 0.4887 - val_Top-5 Accuracy: 0.7521 - lr: 1.0000e-03 - 232s/epoch - 297ms/step
Epoch 30/100
782/782 - 232s - loss: 1.7233 - Top-1 Accuracy: 0.5578 - Top-5 Accuracy: 0.8137 - val_loss: 2.1181 - val_Top-1 Accuracy: 0.4874 - val_Top-5 Accuracy: 0.7527 - lr: 1.0000e-03 - 232s/epoch - 297ms/step
Epoch 31/100
782/782 - 233s - loss: 1.7175 - Top-1 Accuracy: 0.5590 - Top-5 Accuracy: 0.8134 - val_loss: 2.1196 - val_Top-1 Accuracy: 0.4878 - val_Top-5 Accuracy: 0.7517 - lr: 1.0000e-03 - 233s/epoch - 297ms/step
Epoch 32/100
782/782 - 232s - loss: 1.7142 - Top-1 Accuracy: 0.5582 - Top-5 Accuracy: 0.8156 - val_loss: 2.1186 - val_Top-1 Accuracy: 0.4884 - val_Top-5 Accuracy: 0.7515 - lr: 1.0000e-03 - 232s/epoch - 297ms/step
Epoch 33/100

Epoch 33: ReduceLROnPlateau reducing learning rate to 9.999999310821295e-05.
782/782 - 232s - loss: 1.7144 - Top-1 Accuracy: 0.5571 - Top-5 Accuracy: 0.8164 - val_loss: 2.1180 - val_Top-1 Accuracy: 0.4879 - val_Top-5 Accuracy: 0.7530 - lr: 1.0000e-03 - 232s/epoch - 296ms/step
Epoch 34/100
782/782 - 232s - loss: 1.7084 - Top-1 Accuracy: 0.5616 - Top-5 Accuracy: 0.8174 - val_loss: 2.1180 - val_Top-1 Accuracy: 0.4887 - val_Top-5 Accuracy: 0.7528 - lr: 1.0000e-04 - 232s/epoch - 297ms/step
Epoch 35/100
782/782 - 232s - loss: 1.7094 - Top-1 Accuracy: 0.5601 - Top-5 Accuracy: 0.8159 - val_loss: 2.1179 - val_Top-1 Accuracy: 0.4888 - val_Top-5 Accuracy: 0.7531 - lr: 1.0000e-04 - 232s/epoch - 297ms/step
Epoch 36/100
782/782 - 233s - loss: 1.7050 - Top-1 Accuracy: 0.5615 - Top-5 Accuracy: 0.8180 - val_loss: 2.1179 - val_Top-1 Accuracy: 0.4887 - val_Top-5 Accuracy: 0.7530 - lr: 1.0000e-04 - 233s/epoch - 298ms/step
Epoch 37/100
782/782 - 232s - loss: 1.7078 - Top-1 Accuracy: 0.5595 - Top-5 Accuracy: 0.8177 - val_loss: 2.1176 - val_Top-1 Accuracy: 0.4888 - val_Top-5 Accuracy: 0.7530 - lr: 1.0000e-04 - 232s/epoch - 297ms/step
Epoch 38/100
782/782 - 232s - loss: 1.7125 - Top-1 Accuracy: 0.5587 - Top-5 Accuracy: 0.8156 - val_loss: 2.1177 - val_Top-1 Accuracy: 0.4890 - val_Top-5 Accuracy: 0.7530 - lr: 1.0000e-04 - 232s/epoch - 296ms/step
Epoch 39/100
782/782 - 233s - loss: 1.7082 - Top-1 Accuracy: 0.5594 - Top-5 Accuracy: 0.8154 - val_loss: 2.1176 - val_Top-1 Accuracy: 0.4883 - val_Top-5 Accuracy: 0.7538 - lr: 1.0000e-04 - 233s/epoch - 298ms/step
Epoch 40/100
782/782 - 232s - loss: 1.7063 - Top-1 Accuracy: 0.5602 - Top-5 Accuracy: 0.8168 - val_loss: 2.1173 - val_Top-1 Accuracy: 0.4883 - val_Top-5 Accuracy: 0.7532 - lr: 1.0000e-04 - 232s/epoch - 297ms/step
Epoch 41/100
782/782 - 232s - loss: 1.7100 - Top-1 Accuracy: 0.5602 - Top-5 Accuracy: 0.8154 - val_loss: 2.1176 - val_Top-1 Accuracy: 0.4883 - val_Top-5 Accuracy: 0.7534 - lr: 1.0000e-04 - 232s/epoch - 297ms/step
Epoch 42/100
782/782 - 232s - loss: 1.7036 - Top-1 Accuracy: 0.5612 - Top-5 Accuracy: 0.8181 - val_loss: 2.1175 - val_Top-1 Accuracy: 0.4880 - val_Top-5 Accuracy: 0.7528 - lr: 1.0000e-04 - 232s/epoch - 297ms/step
Epoch 43/100

Epoch 43: ReduceLROnPlateau reducing learning rate to 9.999999019782991e-06.
782/782 - 232s - loss: 1.7053 - Top-1 Accuracy: 0.5596 - Top-5 Accuracy: 0.8167 - val_loss: 2.1176 - val_Top-1 Accuracy: 0.4890 - val_Top-5 Accuracy: 0.7530 - lr: 1.0000e-04 - 232s/epoch - 297ms/step
Epoch 44/100
782/782 - 233s - loss: 1.7006 - Top-1 Accuracy: 0.5603 - Top-5 Accuracy: 0.8179 - val_loss: 2.1175 - val_Top-1 Accuracy: 0.4883 - val_Top-5 Accuracy: 0.7533 - lr: 1.0000e-05 - 233s/epoch - 298ms/step
Epoch 45/100
782/782 - 233s - loss: 1.7064 - Top-1 Accuracy: 0.5605 - Top-5 Accuracy: 0.8155 - val_loss: 2.1177 - val_Top-1 Accuracy: 0.4891 - val_Top-5 Accuracy: 0.7532 - lr: 1.0000e-05 - 233s/epoch - 298ms/step
Epoch 46/100

Epoch 46: ReduceLROnPlateau reducing learning rate to 9.99999883788405e-07.
782/782 - 232s - loss: 1.7031 - Top-1 Accuracy: 0.5606 - Top-5 Accuracy: 0.8183 - val_loss: 2.1176 - val_Top-1 Accuracy: 0.4885 - val_Top-5 Accuracy: 0.7532 - lr: 1.0000e-05 - 232s/epoch - 297ms/step
Epoch 47/100
782/782 - 233s - loss: 1.7080 - Top-1 Accuracy: 0.5605 - Top-5 Accuracy: 0.8176 - val_loss: 2.1177 - val_Top-1 Accuracy: 0.4884 - val_Top-5 Accuracy: 0.7529 - lr: 1.0000e-06 - 233s/epoch - 298ms/step
Epoch 48/100
782/782 - 233s - loss: 1.7026 - Top-1 Accuracy: 0.5603 - Top-5 Accuracy: 0.8170 - val_loss: 2.1171 - val_Top-1 Accuracy: 0.4887 - val_Top-5 Accuracy: 0.7530 - lr: 1.0000e-06 - 233s/epoch - 297ms/step
Epoch 49/100
782/782 - 232s - loss: 1.7070 - Top-1 Accuracy: 0.5598 - Top-5 Accuracy: 0.8161 - val_loss: 2.1173 - val_Top-1 Accuracy: 0.4888 - val_Top-5 Accuracy: 0.7535 - lr: 1.0000e-06 - 232s/epoch - 297ms/step
Epoch 50/100
782/782 - 233s - loss: 1.7077 - Top-1 Accuracy: 0.5614 - Top-5 Accuracy: 0.8167 - val_loss: 2.1173 - val_Top-1 Accuracy: 0.4885 - val_Top-5 Accuracy: 0.7536 - lr: 1.0000e-06 - 233s/epoch - 298ms/step
Epoch 51/100

Epoch 51: ReduceLROnPlateau reducing learning rate to 1e-07.
782/782 - 232s - loss: 1.7056 - Top-1 Accuracy: 0.5595 - Top-5 Accuracy: 0.8173 - val_loss: 2.1174 - val_Top-1 Accuracy: 0.4893 - val_Top-5 Accuracy: 0.7528 - lr: 1.0000e-06 - 232s/epoch - 297ms/step
Epoch 52/100
782/782 - 232s - loss: 1.7064 - Top-1 Accuracy: 0.5599 - Top-5 Accuracy: 0.8169 - val_loss: 2.1176 - val_Top-1 Accuracy: 0.4884 - val_Top-5 Accuracy: 0.7537 - lr: 1.0000e-07 - 232s/epoch - 297ms/step
Epoch 53/100
782/782 - 232s - loss: 1.7036 - Top-1 Accuracy: 0.5612 - Top-5 Accuracy: 0.8184 - val_loss: 2.1178 - val_Top-1 Accuracy: 0.4887 - val_Top-5 Accuracy: 0.7538 - lr: 1.0000e-07 - 232s/epoch - 297ms/step
Epoch 54/100
782/782 - 232s - loss: 1.7013 - Top-1 Accuracy: 0.5615 - Top-5 Accuracy: 0.8172 - val_loss: 2.1176 - val_Top-1 Accuracy: 0.4887 - val_Top-5 Accuracy: 0.7538 - lr: 1.0000e-07 - 232s/epoch - 297ms/step
Epoch 55/100
782/782 - 232s - loss: 1.7063 - Top-1 Accuracy: 0.5605 - Top-5 Accuracy: 0.8160 - val_loss: 2.1177 - val_Top-1 Accuracy: 0.4887 - val_Top-5 Accuracy: 0.7540 - lr: 1.0000e-07 - 232s/epoch - 297ms/step
Epoch 56/100
782/782 - 232s - loss: 1.7020 - Top-1 Accuracy: 0.5626 - Top-5 Accuracy: 0.8184 - val_loss: 2.1179 - val_Top-1 Accuracy: 0.4882 - val_Top-5 Accuracy: 0.7533 - lr: 1.0000e-07 - 232s/epoch - 297ms/step
Epoch 57/100
782/782 - 232s - loss: 1.7022 - Top-1 Accuracy: 0.5619 - Top-5 Accuracy: 0.8169 - val_loss: 2.1175 - val_Top-1 Accuracy: 0.4892 - val_Top-5 Accuracy: 0.7530 - lr: 1.0000e-07 - 232s/epoch - 297ms/step
Epoch 58/100
782/782 - 232s - loss: 1.6966 - Top-1 Accuracy: 0.5609 - Top-5 Accuracy: 0.8187 - val_loss: 2.1174 - val_Top-1 Accuracy: 0.4885 - val_Top-5 Accuracy: 0.7532 - lr: 1.0000e-07 - 232s/epoch - 297ms/step
Epoch 58: early stopping
Found 100000 files belonging to 200 classes.
Found 10000 files belonging to 200 classes.
Model: "model_1"
_________________________________________________________________
 Layer (type)                Output Shape              Param #   
=================================================================
 input_2 (InputLayer)        [(None, 112, 112, 3)]     0         
                                                                 
 conv2d_14 (Conv2D)          (None, 55, 55, 24)        672       
                                                                 
 batch_normalization_40 (Ba  (None, 55, 55, 24)        96        
 tchNormalization)                                               
                                                                 
 activation_14 (Activation)  (None, 55, 55, 24)        0         
                                                                 
 linear_bottleneck_block_13  (None, 28, 28, 24)        1368      
  (LinearBottleneckBlock)                                        
                                                                 
 linear_bottleneck_block_14  (None, 28, 28, 24)        1368      
  (LinearBottleneckBlock)                                        
                                                                 
 linear_bottleneck_block_15  (None, 28, 28, 24)        1368      
  (LinearBottleneckBlock)                                        
                                                                 
 linear_bottleneck_block_16  (None, 28, 28, 24)        1368      
  (LinearBottleneckBlock)                                        
                                                                 
 linear_bottleneck_block_17  (None, 14, 14, 96)        4464      
  (LinearBottleneckBlock)                                        
                                                                 
 linear_bottleneck_block_18  (None, 14, 14, 96)        12384     
  (LinearBottleneckBlock)                                        
                                                                 
 linear_bottleneck_block_19  (None, 14, 14, 96)        12384     
  (LinearBottleneckBlock)                                        
                                                                 
 linear_bottleneck_block_20  (None, 14, 14, 96)        12384     
  (LinearBottleneckBlock)                                        
                                                                 
 linear_bottleneck_block_21  (None, 7, 7, 168)         20664     
  (LinearBottleneckBlock)                                        
                                                                 
 linear_bottleneck_block_22  (None, 7, 7, 168)         33768     
  (LinearBottleneckBlock)                                        
                                                                 
 linear_bottleneck_block_23  (None, 7, 7, 168)         33768     
  (LinearBottleneckBlock)                                        
                                                                 
 linear_bottleneck_block_24  (None, 4, 4, 192)         38256     
  (LinearBottleneckBlock)                                        
                                                                 
 linear_bottleneck_block_25  (None, 4, 4, 384)         83712     
  (LinearBottleneckBlock)                                        
                                                                 
 global_average_pooling2d_1  (None, 384)               0         
  (GlobalAveragePooling2D)                                       
                                                                 
 dropout_1 (Dropout)         (None, 384)               0         
                                                                 
 dense_1 (Dense)             (None, 200)               77000     
                                                                 
=================================================================
Total params: 335024 (1.28 MB)
Trainable params: 326336 (1.24 MB)
Non-trainable params: 8688 (33.94 KB)
_________________________________________________________________
Epoch 1/100
782/782 - 80s - loss: 3.0355 - Top-1 Accuracy: 0.2973 - Top-5 Accuracy: 0.5757 - val_loss: 3.2904 - val_Top-1 Accuracy: 0.2618 - val_Top-5 Accuracy: 0.5277 - lr: 0.1000 - 80s/epoch - 102ms/step
Epoch 2/100
782/782 - 66s - loss: 2.7601 - Top-1 Accuracy: 0.3465 - Top-5 Accuracy: 0.6287 - val_loss: 2.9966 - val_Top-1 Accuracy: 0.3090 - val_Top-5 Accuracy: 0.5829 - lr: 0.1000 - 66s/epoch - 85ms/step
Epoch 3/100
782/782 - 67s - loss: 2.6576 - Top-1 Accuracy: 0.3641 - Top-5 Accuracy: 0.6478 - val_loss: 3.8040 - val_Top-1 Accuracy: 0.1975 - val_Top-5 Accuracy: 0.4345 - lr: 0.1000 - 67s/epoch - 85ms/step
Epoch 4/100
782/782 - 66s - loss: 2.5851 - Top-1 Accuracy: 0.3780 - Top-5 Accuracy: 0.6627 - val_loss: 3.1251 - val_Top-1 Accuracy: 0.2978 - val_Top-5 Accuracy: 0.5535 - lr: 0.1000 - 66s/epoch - 85ms/step
Epoch 5/100

Epoch 5: ReduceLROnPlateau reducing learning rate to 0.010000000149011612.
782/782 - 66s - loss: 2.5302 - Top-1 Accuracy: 0.3881 - Top-5 Accuracy: 0.6729 - val_loss: 3.4709 - val_Top-1 Accuracy: 0.2447 - val_Top-5 Accuracy: 0.4921 - lr: 0.1000 - 66s/epoch - 85ms/step
Epoch 6/100
782/782 - 66s - loss: 2.3150 - Top-1 Accuracy: 0.4323 - Top-5 Accuracy: 0.7134 - val_loss: 2.4564 - val_Top-1 Accuracy: 0.4143 - val_Top-5 Accuracy: 0.6829 - lr: 0.0100 - 66s/epoch - 85ms/step
Epoch 7/100
782/782 - 66s - loss: 2.2249 - Top-1 Accuracy: 0.4535 - Top-5 Accuracy: 0.7287 - val_loss: 2.4469 - val_Top-1 Accuracy: 0.4139 - val_Top-5 Accuracy: 0.6854 - lr: 0.0100 - 66s/epoch - 85ms/step
Epoch 8/100
782/782 - 66s - loss: 2.1946 - Top-1 Accuracy: 0.4572 - Top-5 Accuracy: 0.7335 - val_loss: 2.4342 - val_Top-1 Accuracy: 0.4212 - val_Top-5 Accuracy: 0.6861 - lr: 0.0100 - 66s/epoch - 85ms/step
Epoch 9/100
782/782 - 66s - loss: 2.1756 - Top-1 Accuracy: 0.4608 - Top-5 Accuracy: 0.7372 - val_loss: 2.4245 - val_Top-1 Accuracy: 0.4190 - val_Top-5 Accuracy: 0.6915 - lr: 0.0100 - 66s/epoch - 85ms/step
Epoch 10/100
782/782 - 67s - loss: 2.1577 - Top-1 Accuracy: 0.4645 - Top-5 Accuracy: 0.7413 - val_loss: 2.4088 - val_Top-1 Accuracy: 0.4252 - val_Top-5 Accuracy: 0.6915 - lr: 0.0100 - 67s/epoch - 85ms/step
Epoch 11/100
782/782 - 66s - loss: 2.1406 - Top-1 Accuracy: 0.4678 - Top-5 Accuracy: 0.7425 - val_loss: 2.3993 - val_Top-1 Accuracy: 0.4244 - val_Top-5 Accuracy: 0.6946 - lr: 0.0100 - 66s/epoch - 85ms/step
Epoch 12/100
782/782 - 66s - loss: 2.1158 - Top-1 Accuracy: 0.4719 - Top-5 Accuracy: 0.7480 - val_loss: 2.4398 - val_Top-1 Accuracy: 0.4156 - val_Top-5 Accuracy: 0.6886 - lr: 0.0100 - 66s/epoch - 85ms/step
Epoch 13/100
782/782 - 66s - loss: 2.1109 - Top-1 Accuracy: 0.4741 - Top-5 Accuracy: 0.7474 - val_loss: 2.4139 - val_Top-1 Accuracy: 0.4233 - val_Top-5 Accuracy: 0.6934 - lr: 0.0100 - 66s/epoch - 85ms/step
Epoch 14/100

Epoch 14: ReduceLROnPlateau reducing learning rate to 0.0009999999776482583.
782/782 - 66s - loss: 2.0918 - Top-1 Accuracy: 0.4766 - Top-5 Accuracy: 0.7522 - val_loss: 2.4121 - val_Top-1 Accuracy: 0.4227 - val_Top-5 Accuracy: 0.6928 - lr: 0.0100 - 66s/epoch - 85ms/step
Epoch 15/100
782/782 - 66s - loss: 2.0581 - Top-1 Accuracy: 0.4841 - Top-5 Accuracy: 0.7577 - val_loss: 2.3694 - val_Top-1 Accuracy: 0.4310 - val_Top-5 Accuracy: 0.7011 - lr: 1.0000e-03 - 66s/epoch - 85ms/step
Epoch 16/100
782/782 - 66s - loss: 2.0484 - Top-1 Accuracy: 0.4842 - Top-5 Accuracy: 0.7596 - val_loss: 2.3679 - val_Top-1 Accuracy: 0.4308 - val_Top-5 Accuracy: 0.7009 - lr: 1.0000e-03 - 66s/epoch - 85ms/step
Epoch 17/100
782/782 - 66s - loss: 2.0467 - Top-1 Accuracy: 0.4867 - Top-5 Accuracy: 0.7605 - val_loss: 2.3684 - val_Top-1 Accuracy: 0.4313 - val_Top-5 Accuracy: 0.7029 - lr: 1.0000e-03 - 66s/epoch - 85ms/step
Epoch 18/100
782/782 - 66s - loss: 2.0403 - Top-1 Accuracy: 0.4895 - Top-5 Accuracy: 0.7610 - val_loss: 2.3682 - val_Top-1 Accuracy: 0.4327 - val_Top-5 Accuracy: 0.7019 - lr: 1.0000e-03 - 66s/epoch - 85ms/step
Epoch 19/100
782/782 - 66s - loss: 2.0419 - Top-1 Accuracy: 0.4881 - Top-5 Accuracy: 0.7589 - val_loss: 2.3677 - val_Top-1 Accuracy: 0.4327 - val_Top-5 Accuracy: 0.7018 - lr: 1.0000e-03 - 66s/epoch - 85ms/step
Epoch 20/100
782/782 - 66s - loss: 2.0410 - Top-1 Accuracy: 0.4887 - Top-5 Accuracy: 0.7598 - val_loss: 2.3670 - val_Top-1 Accuracy: 0.4321 - val_Top-5 Accuracy: 0.7016 - lr: 1.0000e-03 - 66s/epoch - 85ms/step
Epoch 21/100
782/782 - 66s - loss: 2.0409 - Top-1 Accuracy: 0.4877 - Top-5 Accuracy: 0.7596 - val_loss: 2.3681 - val_Top-1 Accuracy: 0.4321 - val_Top-5 Accuracy: 0.7008 - lr: 1.0000e-03 - 66s/epoch - 85ms/step
Epoch 22/100
782/782 - 67s - loss: 2.0321 - Top-1 Accuracy: 0.4906 - Top-5 Accuracy: 0.7613 - val_loss: 2.3682 - val_Top-1 Accuracy: 0.4332 - val_Top-5 Accuracy: 0.7016 - lr: 1.0000e-03 - 67s/epoch - 85ms/step
Epoch 23/100

Epoch 23: ReduceLROnPlateau reducing learning rate to 9.999999310821295e-05.
782/782 - 66s - loss: 2.0331 - Top-1 Accuracy: 0.4885 - Top-5 Accuracy: 0.7612 - val_loss: 2.3672 - val_Top-1 Accuracy: 0.4322 - val_Top-5 Accuracy: 0.7008 - lr: 1.0000e-03 - 66s/epoch - 85ms/step
Epoch 24/100
782/782 - 66s - loss: 2.0272 - Top-1 Accuracy: 0.4895 - Top-5 Accuracy: 0.7629 - val_loss: 2.3672 - val_Top-1 Accuracy: 0.4342 - val_Top-5 Accuracy: 0.7015 - lr: 1.0000e-04 - 66s/epoch - 85ms/step
Epoch 25/100
782/782 - 66s - loss: 2.0356 - Top-1 Accuracy: 0.4888 - Top-5 Accuracy: 0.7628 - val_loss: 2.3667 - val_Top-1 Accuracy: 0.4345 - val_Top-5 Accuracy: 0.7017 - lr: 1.0000e-04 - 66s/epoch - 85ms/step
Epoch 26/100
782/782 - 66s - loss: 2.0310 - Top-1 Accuracy: 0.4904 - Top-5 Accuracy: 0.7630 - val_loss: 2.3666 - val_Top-1 Accuracy: 0.4341 - val_Top-5 Accuracy: 0.7016 - lr: 1.0000e-04 - 66s/epoch - 85ms/step
Epoch 27/100
782/782 - 66s - loss: 2.0297 - Top-1 Accuracy: 0.4904 - Top-5 Accuracy: 0.7614 - val_loss: 2.3673 - val_Top-1 Accuracy: 0.4343 - val_Top-5 Accuracy: 0.7017 - lr: 1.0000e-04 - 66s/epoch - 85ms/step
Epoch 28/100
782/782 - 66s - loss: 2.0337 - Top-1 Accuracy: 0.4901 - Top-5 Accuracy: 0.7632 - val_loss: 2.3669 - val_Top-1 Accuracy: 0.4338 - val_Top-5 Accuracy: 0.7010 - lr: 1.0000e-04 - 66s/epoch - 85ms/step
Epoch 29/100

Epoch 29: ReduceLROnPlateau reducing learning rate to 9.999999019782991e-06.
782/782 - 66s - loss: 2.0312 - Top-1 Accuracy: 0.4889 - Top-5 Accuracy: 0.7629 - val_loss: 2.3667 - val_Top-1 Accuracy: 0.4337 - val_Top-5 Accuracy: 0.7012 - lr: 1.0000e-04 - 66s/epoch - 85ms/step
Epoch 30/100
782/782 - 67s - loss: 2.0302 - Top-1 Accuracy: 0.4892 - Top-5 Accuracy: 0.7619 - val_loss: 2.3667 - val_Top-1 Accuracy: 0.4343 - val_Top-5 Accuracy: 0.7017 - lr: 1.0000e-05 - 67s/epoch - 85ms/step
Epoch 31/100
782/782 - 67s - loss: 2.0298 - Top-1 Accuracy: 0.4907 - Top-5 Accuracy: 0.7616 - val_loss: 2.3667 - val_Top-1 Accuracy: 0.4337 - val_Top-5 Accuracy: 0.7015 - lr: 1.0000e-05 - 67s/epoch - 85ms/step
Epoch 32/100

Epoch 32: ReduceLROnPlateau reducing learning rate to 9.99999883788405e-07.
782/782 - 67s - loss: 2.0231 - Top-1 Accuracy: 0.4927 - Top-5 Accuracy: 0.7643 - val_loss: 2.3666 - val_Top-1 Accuracy: 0.4338 - val_Top-5 Accuracy: 0.7017 - lr: 1.0000e-05 - 67s/epoch - 85ms/step
Epoch 33/100
782/782 - 67s - loss: 2.0250 - Top-1 Accuracy: 0.4920 - Top-5 Accuracy: 0.7631 - val_loss: 2.3667 - val_Top-1 Accuracy: 0.4339 - val_Top-5 Accuracy: 0.7017 - lr: 1.0000e-06 - 67s/epoch - 85ms/step
Epoch 34/100
782/782 - 67s - loss: 2.0267 - Top-1 Accuracy: 0.4908 - Top-5 Accuracy: 0.7624 - val_loss: 2.3667 - val_Top-1 Accuracy: 0.4340 - val_Top-5 Accuracy: 0.7020 - lr: 1.0000e-06 - 67s/epoch - 85ms/step
Epoch 35/100

Epoch 35: ReduceLROnPlateau reducing learning rate to 1e-07.
782/782 - 66s - loss: 2.0272 - Top-1 Accuracy: 0.4886 - Top-5 Accuracy: 0.7629 - val_loss: 2.3669 - val_Top-1 Accuracy: 0.4340 - val_Top-5 Accuracy: 0.7010 - lr: 1.0000e-06 - 66s/epoch - 85ms/step
Epoch 36/100
782/782 - 66s - loss: 2.0234 - Top-1 Accuracy: 0.4901 - Top-5 Accuracy: 0.7631 - val_loss: 2.3667 - val_Top-1 Accuracy: 0.4339 - val_Top-5 Accuracy: 0.7016 - lr: 1.0000e-07 - 66s/epoch - 85ms/step
Epoch 37/100
782/782 - 67s - loss: 2.0258 - Top-1 Accuracy: 0.4917 - Top-5 Accuracy: 0.7623 - val_loss: 2.3666 - val_Top-1 Accuracy: 0.4340 - val_Top-5 Accuracy: 0.7014 - lr: 1.0000e-07 - 67s/epoch - 85ms/step
Epoch 38/100
782/782 - 66s - loss: 2.0261 - Top-1 Accuracy: 0.4913 - Top-5 Accuracy: 0.7628 - val_loss: 2.3670 - val_Top-1 Accuracy: 0.4345 - val_Top-5 Accuracy: 0.7017 - lr: 1.0000e-07 - 66s/epoch - 85ms/step
Epoch 39/100
782/782 - 66s - loss: 2.0241 - Top-1 Accuracy: 0.4906 - Top-5 Accuracy: 0.7638 - val_loss: 2.3670 - val_Top-1 Accuracy: 0.4339 - val_Top-5 Accuracy: 0.7013 - lr: 1.0000e-07 - 66s/epoch - 85ms/step
Epoch 40/100
782/782 - 66s - loss: 2.0314 - Top-1 Accuracy: 0.4907 - Top-5 Accuracy: 0.7622 - val_loss: 2.3671 - val_Top-1 Accuracy: 0.4340 - val_Top-5 Accuracy: 0.7017 - lr: 1.0000e-07 - 66s/epoch - 85ms/step
Epoch 41/100
782/782 - 66s - loss: 2.0296 - Top-1 Accuracy: 0.4903 - Top-5 Accuracy: 0.7616 - val_loss: 2.3665 - val_Top-1 Accuracy: 0.4342 - val_Top-5 Accuracy: 0.7016 - lr: 1.0000e-07 - 66s/epoch - 85ms/step
Epoch 42/100
782/782 - 67s - loss: 2.0251 - Top-1 Accuracy: 0.4929 - Top-5 Accuracy: 0.7636 - val_loss: 2.3667 - val_Top-1 Accuracy: 0.4345 - val_Top-5 Accuracy: 0.7013 - lr: 1.0000e-07 - 67s/epoch - 85ms/step
Epoch 43/100
782/782 - 66s - loss: 2.0311 - Top-1 Accuracy: 0.4911 - Top-5 Accuracy: 0.7626 - val_loss: 2.3669 - val_Top-1 Accuracy: 0.4348 - val_Top-5 Accuracy: 0.7015 - lr: 1.0000e-07 - 66s/epoch - 85ms/step
Epoch 44/100
782/782 - 66s - loss: 2.0266 - Top-1 Accuracy: 0.4932 - Top-5 Accuracy: 0.7630 - val_loss: 2.3670 - val_Top-1 Accuracy: 0.4336 - val_Top-5 Accuracy: 0.7015 - lr: 1.0000e-07 - 66s/epoch - 85ms/step
Epoch 45/100
782/782 - 66s - loss: 2.0267 - Top-1 Accuracy: 0.4905 - Top-5 Accuracy: 0.7637 - val_loss: 2.3666 - val_Top-1 Accuracy: 0.4342 - val_Top-5 Accuracy: 0.7011 - lr: 1.0000e-07 - 66s/epoch - 85ms/step
Epoch 46/100
782/782 - 67s - loss: 2.0261 - Top-1 Accuracy: 0.4925 - Top-5 Accuracy: 0.7630 - val_loss: 2.3669 - val_Top-1 Accuracy: 0.4342 - val_Top-5 Accuracy: 0.7012 - lr: 1.0000e-07 - 67s/epoch - 85ms/step
Epoch 47/100
782/782 - 66s - loss: 2.0290 - Top-1 Accuracy: 0.4923 - Top-5 Accuracy: 0.7619 - val_loss: 2.3670 - val_Top-1 Accuracy: 0.4343 - val_Top-5 Accuracy: 0.7016 - lr: 1.0000e-07 - 66s/epoch - 85ms/step
Epoch 48/100
782/782 - 66s - loss: 2.0219 - Top-1 Accuracy: 0.4918 - Top-5 Accuracy: 0.7632 - val_loss: 2.3667 - val_Top-1 Accuracy: 0.4343 - val_Top-5 Accuracy: 0.7017 - lr: 1.0000e-07 - 66s/epoch - 85ms/step
Epoch 49/100
782/782 - 66s - loss: 2.0289 - Top-1 Accuracy: 0.4907 - Top-5 Accuracy: 0.7613 - val_loss: 2.3668 - val_Top-1 Accuracy: 0.4341 - val_Top-5 Accuracy: 0.7016 - lr: 1.0000e-07 - 66s/epoch - 85ms/step
Epoch 50/100
782/782 - 67s - loss: 2.0280 - Top-1 Accuracy: 0.4923 - Top-5 Accuracy: 0.7620 - val_loss: 2.3667 - val_Top-1 Accuracy: 0.4343 - val_Top-5 Accuracy: 0.7015 - lr: 1.0000e-07 - 67s/epoch - 85ms/step
Epoch 51/100
782/782 - 66s - loss: 2.0242 - Top-1 Accuracy: 0.4914 - Top-5 Accuracy: 0.7630 - val_loss: 2.3667 - val_Top-1 Accuracy: 0.4341 - val_Top-5 Accuracy: 0.7019 - lr: 1.0000e-07 - 66s/epoch - 85ms/step
Epoch 51: early stopping
Found 100000 files belonging to 200 classes.
Found 10000 files belonging to 200 classes.
Model: "model_2"
_________________________________________________________________
 Layer (type)                Output Shape              Param #   
=================================================================
 input_3 (InputLayer)        [(None, 96, 96, 3)]       0         
                                                                 
 conv2d_28 (Conv2D)          (None, 47, 47, 24)        672       
                                                                 
 batch_normalization_80 (Ba  (None, 47, 47, 24)        96        
 tchNormalization)                                               
                                                                 
 activation_28 (Activation)  (None, 47, 47, 24)        0         
                                                                 
 linear_bottleneck_block_26  (None, 24, 24, 24)        1368      
  (LinearBottleneckBlock)                                        
                                                                 
 linear_bottleneck_block_27  (None, 24, 24, 24)        1368      
  (LinearBottleneckBlock)                                        
                                                                 
 linear_bottleneck_block_28  (None, 24, 24, 24)        1368      
  (LinearBottleneckBlock)                                        
                                                                 
 linear_bottleneck_block_29  (None, 24, 24, 24)        1368      
  (LinearBottleneckBlock)                                        
                                                                 
 linear_bottleneck_block_30  (None, 12, 12, 96)        4464      
  (LinearBottleneckBlock)                                        
                                                                 
 linear_bottleneck_block_31  (None, 12, 12, 96)        12384     
  (LinearBottleneckBlock)                                        
                                                                 
 linear_bottleneck_block_32  (None, 12, 12, 96)        12384     
  (LinearBottleneckBlock)                                        
                                                                 
 linear_bottleneck_block_33  (None, 12, 12, 96)        12384     
  (LinearBottleneckBlock)                                        
                                                                 
 linear_bottleneck_block_34  (None, 6, 6, 168)         20664     
  (LinearBottleneckBlock)                                        
                                                                 
 linear_bottleneck_block_35  (None, 6, 6, 168)         33768     
  (LinearBottleneckBlock)                                        
                                                                 
 linear_bottleneck_block_36  (None, 6, 6, 168)         33768     
  (LinearBottleneckBlock)                                        
                                                                 
 linear_bottleneck_block_37  (None, 3, 3, 192)         38256     
  (LinearBottleneckBlock)                                        
                                                                 
 linear_bottleneck_block_38  (None, 3, 3, 384)         83712     
  (LinearBottleneckBlock)                                        
                                                                 
 global_average_pooling2d_2  (None, 384)               0         
  (GlobalAveragePooling2D)                                       
                                                                 
 dropout_2 (Dropout)         (None, 384)               0         
                                                                 
 dense_2 (Dense)             (None, 200)               77000     
                                                                 
=================================================================
Total params: 335024 (1.28 MB)
Trainable params: 326336 (1.24 MB)
Non-trainable params: 8688 (33.94 KB)
_________________________________________________________________
Epoch 1/100
782/782 - 65s - loss: 2.7359 - Top-1 Accuracy: 0.3496 - Top-5 Accuracy: 0.6336 - val_loss: 3.1579 - val_Top-1 Accuracy: 0.2869 - val_Top-5 Accuracy: 0.5608 - lr: 0.1000 - 65s/epoch - 83ms/step
Epoch 2/100
782/782 - 52s - loss: 2.6130 - Top-1 Accuracy: 0.3724 - Top-5 Accuracy: 0.6593 - val_loss: 3.3093 - val_Top-1 Accuracy: 0.2710 - val_Top-5 Accuracy: 0.5316 - lr: 0.1000 - 52s/epoch - 66ms/step
Epoch 3/100
782/782 - 52s - loss: 2.5561 - Top-1 Accuracy: 0.3847 - Top-5 Accuracy: 0.6686 - val_loss: 3.1523 - val_Top-1 Accuracy: 0.2875 - val_Top-5 Accuracy: 0.5548 - lr: 0.1000 - 52s/epoch - 66ms/step
Epoch 4/100
782/782 - 52s - loss: 2.5017 - Top-1 Accuracy: 0.3936 - Top-5 Accuracy: 0.6779 - val_loss: 3.0681 - val_Top-1 Accuracy: 0.3094 - val_Top-5 Accuracy: 0.5789 - lr: 0.1000 - 52s/epoch - 66ms/step
Epoch 5/100
782/782 - 52s - loss: 2.4612 - Top-1 Accuracy: 0.4016 - Top-5 Accuracy: 0.6859 - val_loss: 2.9649 - val_Top-1 Accuracy: 0.3151 - val_Top-5 Accuracy: 0.5896 - lr: 0.1000 - 52s/epoch - 66ms/step
Epoch 6/100
782/782 - 52s - loss: 2.4232 - Top-1 Accuracy: 0.4099 - Top-5 Accuracy: 0.6935 - val_loss: 2.7906 - val_Top-1 Accuracy: 0.3554 - val_Top-5 Accuracy: 0.6219 - lr: 0.1000 - 52s/epoch - 66ms/step
Epoch 7/100
782/782 - 52s - loss: 2.3842 - Top-1 Accuracy: 0.4162 - Top-5 Accuracy: 0.6998 - val_loss: 3.0050 - val_Top-1 Accuracy: 0.3205 - val_Top-5 Accuracy: 0.5823 - lr: 0.1000 - 52s/epoch - 66ms/step
Epoch 8/100
782/782 - 52s - loss: 2.3559 - Top-1 Accuracy: 0.4236 - Top-5 Accuracy: 0.7051 - val_loss: 2.8246 - val_Top-1 Accuracy: 0.3482 - val_Top-5 Accuracy: 0.6246 - lr: 0.1000 - 52s/epoch - 66ms/step
Epoch 9/100

Epoch 9: ReduceLROnPlateau reducing learning rate to 0.010000000149011612.
782/782 - 52s - loss: 2.3257 - Top-1 Accuracy: 0.4290 - Top-5 Accuracy: 0.7107 - val_loss: 2.9204 - val_Top-1 Accuracy: 0.3324 - val_Top-5 Accuracy: 0.5967 - lr: 0.1000 - 52s/epoch - 66ms/step
Epoch 10/100
782/782 - 52s - loss: 2.1273 - Top-1 Accuracy: 0.4687 - Top-5 Accuracy: 0.7461 - val_loss: 2.4332 - val_Top-1 Accuracy: 0.4222 - val_Top-5 Accuracy: 0.6935 - lr: 0.0100 - 52s/epoch - 66ms/step
Epoch 11/100
782/782 - 52s - loss: 2.0323 - Top-1 Accuracy: 0.4894 - Top-5 Accuracy: 0.7627 - val_loss: 2.4123 - val_Top-1 Accuracy: 0.4289 - val_Top-5 Accuracy: 0.6969 - lr: 0.0100 - 52s/epoch - 66ms/step
Epoch 12/100
782/782 - 52s - loss: 1.9968 - Top-1 Accuracy: 0.4962 - Top-5 Accuracy: 0.7682 - val_loss: 2.4113 - val_Top-1 Accuracy: 0.4272 - val_Top-5 Accuracy: 0.7000 - lr: 0.0100 - 52s/epoch - 66ms/step
Epoch 13/100
782/782 - 52s - loss: 1.9792 - Top-1 Accuracy: 0.5011 - Top-5 Accuracy: 0.7715 - val_loss: 2.4127 - val_Top-1 Accuracy: 0.4285 - val_Top-5 Accuracy: 0.6974 - lr: 0.0100 - 52s/epoch - 66ms/step
Epoch 14/100
782/782 - 52s - loss: 1.9564 - Top-1 Accuracy: 0.5051 - Top-5 Accuracy: 0.7753 - val_loss: 2.4289 - val_Top-1 Accuracy: 0.4282 - val_Top-5 Accuracy: 0.6968 - lr: 0.0100 - 52s/epoch - 66ms/step
Epoch 15/100

Epoch 15: ReduceLROnPlateau reducing learning rate to 0.0009999999776482583.
782/782 - 51s - loss: 1.9415 - Top-1 Accuracy: 0.5083 - Top-5 Accuracy: 0.7785 - val_loss: 2.4114 - val_Top-1 Accuracy: 0.4289 - val_Top-5 Accuracy: 0.7015 - lr: 0.0100 - 51s/epoch - 66ms/step
Epoch 16/100
782/782 - 52s - loss: 1.9039 - Top-1 Accuracy: 0.5174 - Top-5 Accuracy: 0.7851 - val_loss: 2.3756 - val_Top-1 Accuracy: 0.4390 - val_Top-5 Accuracy: 0.7059 - lr: 1.0000e-03 - 52s/epoch - 66ms/step
Epoch 17/100
782/782 - 52s - loss: 1.8963 - Top-1 Accuracy: 0.5175 - Top-5 Accuracy: 0.7845 - val_loss: 2.3760 - val_Top-1 Accuracy: 0.4385 - val_Top-5 Accuracy: 0.7061 - lr: 1.0000e-03 - 52s/epoch - 66ms/step
Epoch 18/100
782/782 - 52s - loss: 1.8983 - Top-1 Accuracy: 0.5182 - Top-5 Accuracy: 0.7836 - val_loss: 2.3768 - val_Top-1 Accuracy: 0.4390 - val_Top-5 Accuracy: 0.7064 - lr: 1.0000e-03 - 52s/epoch - 66ms/step
Epoch 19/100

Epoch 19: ReduceLROnPlateau reducing learning rate to 9.999999310821295e-05.
782/782 - 52s - loss: 1.8875 - Top-1 Accuracy: 0.5189 - Top-5 Accuracy: 0.7871 - val_loss: 2.3757 - val_Top-1 Accuracy: 0.4394 - val_Top-5 Accuracy: 0.7058 - lr: 1.0000e-03 - 52s/epoch - 66ms/step
Epoch 20/100
782/782 - 52s - loss: 1.8868 - Top-1 Accuracy: 0.5189 - Top-5 Accuracy: 0.7866 - val_loss: 2.3756 - val_Top-1 Accuracy: 0.4393 - val_Top-5 Accuracy: 0.7069 - lr: 1.0000e-04 - 52s/epoch - 66ms/step
Epoch 21/100
782/782 - 52s - loss: 1.8913 - Top-1 Accuracy: 0.5181 - Top-5 Accuracy: 0.7860 - val_loss: 2.3756 - val_Top-1 Accuracy: 0.4396 - val_Top-5 Accuracy: 0.7070 - lr: 1.0000e-04 - 52s/epoch - 66ms/step
Epoch 22/100
782/782 - 52s - loss: 1.8850 - Top-1 Accuracy: 0.5195 - Top-5 Accuracy: 0.7871 - val_loss: 2.3747 - val_Top-1 Accuracy: 0.4397 - val_Top-5 Accuracy: 0.7065 - lr: 1.0000e-04 - 52s/epoch - 66ms/step
Epoch 23/100
782/782 - 52s - loss: 1.8844 - Top-1 Accuracy: 0.5196 - Top-5 Accuracy: 0.7869 - val_loss: 2.3749 - val_Top-1 Accuracy: 0.4395 - val_Top-5 Accuracy: 0.7069 - lr: 1.0000e-04 - 52s/epoch - 66ms/step
Epoch 24/100
782/782 - 52s - loss: 1.8852 - Top-1 Accuracy: 0.5217 - Top-5 Accuracy: 0.7870 - val_loss: 2.3752 - val_Top-1 Accuracy: 0.4395 - val_Top-5 Accuracy: 0.7066 - lr: 1.0000e-04 - 52s/epoch - 66ms/step
Epoch 25/100
782/782 - 52s - loss: 1.8833 - Top-1 Accuracy: 0.5198 - Top-5 Accuracy: 0.7877 - val_loss: 2.3745 - val_Top-1 Accuracy: 0.4392 - val_Top-5 Accuracy: 0.7065 - lr: 1.0000e-04 - 52s/epoch - 66ms/step
Epoch 26/100
782/782 - 52s - loss: 1.8865 - Top-1 Accuracy: 0.5214 - Top-5 Accuracy: 0.7881 - val_loss: 2.3748 - val_Top-1 Accuracy: 0.4391 - val_Top-5 Accuracy: 0.7067 - lr: 1.0000e-04 - 52s/epoch - 66ms/step
Epoch 27/100
782/782 - 52s - loss: 1.8854 - Top-1 Accuracy: 0.5201 - Top-5 Accuracy: 0.7867 - val_loss: 2.3750 - val_Top-1 Accuracy: 0.4402 - val_Top-5 Accuracy: 0.7068 - lr: 1.0000e-04 - 52s/epoch - 66ms/step
Epoch 28/100

Epoch 28: ReduceLROnPlateau reducing learning rate to 9.999999019782991e-06.
782/782 - 52s - loss: 1.8834 - Top-1 Accuracy: 0.5215 - Top-5 Accuracy: 0.7868 - val_loss: 2.3750 - val_Top-1 Accuracy: 0.4399 - val_Top-5 Accuracy: 0.7064 - lr: 1.0000e-04 - 52s/epoch - 66ms/step
Epoch 29/100
782/782 - 52s - loss: 1.8840 - Top-1 Accuracy: 0.5202 - Top-5 Accuracy: 0.7880 - val_loss: 2.3747 - val_Top-1 Accuracy: 0.4396 - val_Top-5 Accuracy: 0.7072 - lr: 1.0000e-05 - 52s/epoch - 66ms/step
Epoch 30/100
782/782 - 52s - loss: 1.8838 - Top-1 Accuracy: 0.5212 - Top-5 Accuracy: 0.7874 - val_loss: 2.3750 - val_Top-1 Accuracy: 0.4394 - val_Top-5 Accuracy: 0.7064 - lr: 1.0000e-05 - 52s/epoch - 66ms/step
Epoch 31/100

Epoch 31: ReduceLROnPlateau reducing learning rate to 9.99999883788405e-07.
782/782 - 52s - loss: 1.8795 - Top-1 Accuracy: 0.5229 - Top-5 Accuracy: 0.7883 - val_loss: 2.3747 - val_Top-1 Accuracy: 0.4399 - val_Top-5 Accuracy: 0.7064 - lr: 1.0000e-05 - 52s/epoch - 66ms/step
Epoch 32/100
782/782 - 52s - loss: 1.8865 - Top-1 Accuracy: 0.5208 - Top-5 Accuracy: 0.7865 - val_loss: 2.3748 - val_Top-1 Accuracy: 0.4399 - val_Top-5 Accuracy: 0.7070 - lr: 1.0000e-06 - 52s/epoch - 66ms/step
Epoch 33/100
782/782 - 52s - loss: 1.8857 - Top-1 Accuracy: 0.5212 - Top-5 Accuracy: 0.7869 - val_loss: 2.3744 - val_Top-1 Accuracy: 0.4399 - val_Top-5 Accuracy: 0.7064 - lr: 1.0000e-06 - 52s/epoch - 66ms/step
Epoch 34/100
782/782 - 52s - loss: 1.8804 - Top-1 Accuracy: 0.5197 - Top-5 Accuracy: 0.7874 - val_loss: 2.3752 - val_Top-1 Accuracy: 0.4394 - val_Top-5 Accuracy: 0.7072 - lr: 1.0000e-06 - 52s/epoch - 66ms/step
Epoch 35/100
782/782 - 52s - loss: 1.8851 - Top-1 Accuracy: 0.5194 - Top-5 Accuracy: 0.7868 - val_loss: 2.3748 - val_Top-1 Accuracy: 0.4398 - val_Top-5 Accuracy: 0.7069 - lr: 1.0000e-06 - 52s/epoch - 66ms/step
Epoch 36/100

Epoch 36: ReduceLROnPlateau reducing learning rate to 1e-07.
782/782 - 52s - loss: 1.8836 - Top-1 Accuracy: 0.5211 - Top-5 Accuracy: 0.7880 - val_loss: 2.3746 - val_Top-1 Accuracy: 0.4398 - val_Top-5 Accuracy: 0.7065 - lr: 1.0000e-06 - 52s/epoch - 66ms/step
Epoch 37/100
782/782 - 52s - loss: 1.8821 - Top-1 Accuracy: 0.5199 - Top-5 Accuracy: 0.7875 - val_loss: 2.3745 - val_Top-1 Accuracy: 0.4398 - val_Top-5 Accuracy: 0.7068 - lr: 1.0000e-07 - 52s/epoch - 66ms/step
Epoch 38/100
782/782 - 52s - loss: 1.8817 - Top-1 Accuracy: 0.5225 - Top-5 Accuracy: 0.7873 - val_loss: 2.3750 - val_Top-1 Accuracy: 0.4403 - val_Top-5 Accuracy: 0.7067 - lr: 1.0000e-07 - 52s/epoch - 66ms/step
Epoch 39/100
782/782 - 52s - loss: 1.8833 - Top-1 Accuracy: 0.5207 - Top-5 Accuracy: 0.7868 - val_loss: 2.3745 - val_Top-1 Accuracy: 0.4394 - val_Top-5 Accuracy: 0.7066 - lr: 1.0000e-07 - 52s/epoch - 66ms/step
Epoch 40/100
782/782 - 52s - loss: 1.8826 - Top-1 Accuracy: 0.5212 - Top-5 Accuracy: 0.7879 - val_loss: 2.3748 - val_Top-1 Accuracy: 0.4393 - val_Top-5 Accuracy: 0.7065 - lr: 1.0000e-07 - 52s/epoch - 66ms/step
Epoch 41/100
782/782 - 52s - loss: 1.8839 - Top-1 Accuracy: 0.5209 - Top-5 Accuracy: 0.7868 - val_loss: 2.3747 - val_Top-1 Accuracy: 0.4394 - val_Top-5 Accuracy: 0.7068 - lr: 1.0000e-07 - 52s/epoch - 66ms/step
Epoch 42/100
782/782 - 52s - loss: 1.8830 - Top-1 Accuracy: 0.5211 - Top-5 Accuracy: 0.7867 - val_loss: 2.3744 - val_Top-1 Accuracy: 0.4398 - val_Top-5 Accuracy: 0.7073 - lr: 1.0000e-07 - 52s/epoch - 66ms/step
Epoch 43/100
782/782 - 52s - loss: 1.8839 - Top-1 Accuracy: 0.5218 - Top-5 Accuracy: 0.7867 - val_loss: 2.3748 - val_Top-1 Accuracy: 0.4394 - val_Top-5 Accuracy: 0.7069 - lr: 1.0000e-07 - 52s/epoch - 66ms/step
Epoch 43: early stopping
Found 100000 files belonging to 200 classes.
Found 10000 files belonging to 200 classes.
Model: "model_3"
_________________________________________________________________
 Layer (type)                Output Shape              Param #   
=================================================================
 input_4 (InputLayer)        [(None, 64, 64, 3)]       0         
                                                                 
 conv2d_42 (Conv2D)          (None, 31, 31, 24)        672       
                                                                 
 batch_normalization_120 (B  (None, 31, 31, 24)        96        
 atchNormalization)                                              
                                                                 
 activation_42 (Activation)  (None, 31, 31, 24)        0         
                                                                 
 linear_bottleneck_block_39  (None, 16, 16, 24)        1368      
  (LinearBottleneckBlock)                                        
                                                                 
 linear_bottleneck_block_40  (None, 16, 16, 24)        1368      
  (LinearBottleneckBlock)                                        
                                                                 
 linear_bottleneck_block_41  (None, 16, 16, 24)        1368      
  (LinearBottleneckBlock)                                        
                                                                 
 linear_bottleneck_block_42  (None, 16, 16, 24)        1368      
  (LinearBottleneckBlock)                                        
                                                                 
 linear_bottleneck_block_43  (None, 8, 8, 96)          4464      
  (LinearBottleneckBlock)                                        
                                                                 
 linear_bottleneck_block_44  (None, 8, 8, 96)          12384     
  (LinearBottleneckBlock)                                        
                                                                 
 linear_bottleneck_block_45  (None, 8, 8, 96)          12384     
  (LinearBottleneckBlock)                                        
                                                                 
 linear_bottleneck_block_46  (None, 8, 8, 96)          12384     
  (LinearBottleneckBlock)                                        
                                                                 
 linear_bottleneck_block_47  (None, 4, 4, 168)         20664     
  (LinearBottleneckBlock)                                        
                                                                 
 linear_bottleneck_block_48  (None, 4, 4, 168)         33768     
  (LinearBottleneckBlock)                                        
                                                                 
 linear_bottleneck_block_49  (None, 4, 4, 168)         33768     
  (LinearBottleneckBlock)                                        
                                                                 
 linear_bottleneck_block_50  (None, 2, 2, 192)         38256     
  (LinearBottleneckBlock)                                        
                                                                 
 linear_bottleneck_block_51  (None, 2, 2, 384)         83712     
  (LinearBottleneckBlock)                                        
                                                                 
 global_average_pooling2d_3  (None, 384)               0         
  (GlobalAveragePooling2D)                                       
                                                                 
 dropout_3 (Dropout)         (None, 384)               0         
                                                                 
 dense_3 (Dense)             (None, 200)               77000     
                                                                 
=================================================================
Total params: 335024 (1.28 MB)
Trainable params: 326336 (1.24 MB)
Non-trainable params: 8688 (33.94 KB)
_________________________________________________________________
Epoch 1/100
782/782 - 46s - loss: 3.0961 - Top-1 Accuracy: 0.2876 - Top-5 Accuracy: 0.5620 - val_loss: 3.2291 - val_Top-1 Accuracy: 0.2731 - val_Top-5 Accuracy: 0.5300 - lr: 0.1000 - 46s/epoch - 59ms/step
Epoch 2/100
782/782 - 33s - loss: 2.8978 - Top-1 Accuracy: 0.3215 - Top-5 Accuracy: 0.5994 - val_loss: 3.1862 - val_Top-1 Accuracy: 0.2749 - val_Top-5 Accuracy: 0.5480 - lr: 0.1000 - 33s/epoch - 43ms/step
Epoch 3/100
782/782 - 33s - loss: 2.8167 - Top-1 Accuracy: 0.3337 - Top-5 Accuracy: 0.6166 - val_loss: 3.0643 - val_Top-1 Accuracy: 0.3024 - val_Top-5 Accuracy: 0.5642 - lr: 0.1000 - 33s/epoch - 43ms/step
Epoch 4/100
782/782 - 33s - loss: 2.7533 - Top-1 Accuracy: 0.3468 - Top-5 Accuracy: 0.6292 - val_loss: 3.1483 - val_Top-1 Accuracy: 0.2851 - val_Top-5 Accuracy: 0.5500 - lr: 0.1000 - 33s/epoch - 43ms/step
Epoch 5/100
782/782 - 34s - loss: 2.7039 - Top-1 Accuracy: 0.3573 - Top-5 Accuracy: 0.6376 - val_loss: 3.2117 - val_Top-1 Accuracy: 0.2759 - val_Top-5 Accuracy: 0.5384 - lr: 0.1000 - 34s/epoch - 43ms/step
Epoch 6/100

Epoch 6: ReduceLROnPlateau reducing learning rate to 0.010000000149011612.
782/782 - 33s - loss: 2.6620 - Top-1 Accuracy: 0.3635 - Top-5 Accuracy: 0.6477 - val_loss: 3.2269 - val_Top-1 Accuracy: 0.2745 - val_Top-5 Accuracy: 0.5408 - lr: 0.1000 - 33s/epoch - 43ms/step
Epoch 7/100
782/782 - 33s - loss: 2.4655 - Top-1 Accuracy: 0.4043 - Top-5 Accuracy: 0.6835 - val_loss: 2.6768 - val_Top-1 Accuracy: 0.3772 - val_Top-5 Accuracy: 0.6464 - lr: 0.0100 - 33s/epoch - 43ms/step
Epoch 8/100
782/782 - 33s - loss: 2.3718 - Top-1 Accuracy: 0.4205 - Top-5 Accuracy: 0.7013 - val_loss: 2.6578 - val_Top-1 Accuracy: 0.3807 - val_Top-5 Accuracy: 0.6497 - lr: 0.0100 - 33s/epoch - 43ms/step
Epoch 9/100
782/782 - 33s - loss: 2.3377 - Top-1 Accuracy: 0.4266 - Top-5 Accuracy: 0.7068 - val_loss: 2.6581 - val_Top-1 Accuracy: 0.3814 - val_Top-5 Accuracy: 0.6500 - lr: 0.0100 - 33s/epoch - 43ms/step
Epoch 10/100
782/782 - 33s - loss: 2.3132 - Top-1 Accuracy: 0.4326 - Top-5 Accuracy: 0.7112 - val_loss: 2.6526 - val_Top-1 Accuracy: 0.3821 - val_Top-5 Accuracy: 0.6536 - lr: 0.0100 - 33s/epoch - 43ms/step
Epoch 11/100
782/782 - 33s - loss: 2.3000 - Top-1 Accuracy: 0.4347 - Top-5 Accuracy: 0.7139 - val_loss: 2.6465 - val_Top-1 Accuracy: 0.3789 - val_Top-5 Accuracy: 0.6518 - lr: 0.0100 - 33s/epoch - 43ms/step
Epoch 12/100
782/782 - 33s - loss: 2.2850 - Top-1 Accuracy: 0.4392 - Top-5 Accuracy: 0.7168 - val_loss: 2.6595 - val_Top-1 Accuracy: 0.3802 - val_Top-5 Accuracy: 0.6524 - lr: 0.0100 - 33s/epoch - 43ms/step
Epoch 13/100
782/782 - 33s - loss: 2.2696 - Top-1 Accuracy: 0.4416 - Top-5 Accuracy: 0.7199 - val_loss: 2.6665 - val_Top-1 Accuracy: 0.3802 - val_Top-5 Accuracy: 0.6490 - lr: 0.0100 - 33s/epoch - 43ms/step
Epoch 14/100
782/782 - 33s - loss: 2.2571 - Top-1 Accuracy: 0.4426 - Top-5 Accuracy: 0.7211 - val_loss: 2.6455 - val_Top-1 Accuracy: 0.3805 - val_Top-5 Accuracy: 0.6528 - lr: 0.0100 - 33s/epoch - 43ms/step
Epoch 15/100
782/782 - 33s - loss: 2.2454 - Top-1 Accuracy: 0.4451 - Top-5 Accuracy: 0.7234 - val_loss: 2.6552 - val_Top-1 Accuracy: 0.3832 - val_Top-5 Accuracy: 0.6508 - lr: 0.0100 - 33s/epoch - 43ms/step
Epoch 16/100
782/782 - 33s - loss: 2.2305 - Top-1 Accuracy: 0.4493 - Top-5 Accuracy: 0.7261 - val_loss: 2.6503 - val_Top-1 Accuracy: 0.3801 - val_Top-5 Accuracy: 0.6547 - lr: 0.0100 - 33s/epoch - 43ms/step
Epoch 17/100

Epoch 17: ReduceLROnPlateau reducing learning rate to 0.0009999999776482583.
782/782 - 33s - loss: 2.2275 - Top-1 Accuracy: 0.4484 - Top-5 Accuracy: 0.7272 - val_loss: 2.6573 - val_Top-1 Accuracy: 0.3803 - val_Top-5 Accuracy: 0.6500 - lr: 0.0100 - 33s/epoch - 43ms/step
Epoch 18/100
782/782 - 33s - loss: 2.1903 - Top-1 Accuracy: 0.4563 - Top-5 Accuracy: 0.7339 - val_loss: 2.6227 - val_Top-1 Accuracy: 0.3867 - val_Top-5 Accuracy: 0.6615 - lr: 1.0000e-03 - 33s/epoch - 43ms/step
Epoch 19/100
782/782 - 33s - loss: 2.1852 - Top-1 Accuracy: 0.4581 - Top-5 Accuracy: 0.7346 - val_loss: 2.6221 - val_Top-1 Accuracy: 0.3885 - val_Top-5 Accuracy: 0.6601 - lr: 1.0000e-03 - 33s/epoch - 43ms/step
Epoch 20/100
782/782 - 33s - loss: 2.1754 - Top-1 Accuracy: 0.4598 - Top-5 Accuracy: 0.7369 - val_loss: 2.6206 - val_Top-1 Accuracy: 0.3907 - val_Top-5 Accuracy: 0.6610 - lr: 1.0000e-03 - 33s/epoch - 43ms/step
Epoch 21/100
782/782 - 33s - loss: 2.1757 - Top-1 Accuracy: 0.4583 - Top-5 Accuracy: 0.7372 - val_loss: 2.6200 - val_Top-1 Accuracy: 0.3901 - val_Top-5 Accuracy: 0.6605 - lr: 1.0000e-03 - 33s/epoch - 43ms/step
Epoch 22/100
782/782 - 33s - loss: 2.1706 - Top-1 Accuracy: 0.4604 - Top-5 Accuracy: 0.7383 - val_loss: 2.6206 - val_Top-1 Accuracy: 0.3905 - val_Top-5 Accuracy: 0.6612 - lr: 1.0000e-03 - 33s/epoch - 43ms/step
Epoch 23/100
782/782 - 33s - loss: 2.1728 - Top-1 Accuracy: 0.4617 - Top-5 Accuracy: 0.7376 - val_loss: 2.6200 - val_Top-1 Accuracy: 0.3899 - val_Top-5 Accuracy: 0.6617 - lr: 1.0000e-03 - 33s/epoch - 43ms/step
Epoch 24/100

Epoch 24: ReduceLROnPlateau reducing learning rate to 9.999999310821295e-05.
782/782 - 33s - loss: 2.1647 - Top-1 Accuracy: 0.4629 - Top-5 Accuracy: 0.7388 - val_loss: 2.6207 - val_Top-1 Accuracy: 0.3903 - val_Top-5 Accuracy: 0.6616 - lr: 1.0000e-03 - 33s/epoch - 43ms/step
Epoch 25/100
782/782 - 33s - loss: 2.1607 - Top-1 Accuracy: 0.4621 - Top-5 Accuracy: 0.7395 - val_loss: 2.6198 - val_Top-1 Accuracy: 0.3894 - val_Top-5 Accuracy: 0.6619 - lr: 1.0000e-04 - 33s/epoch - 43ms/step
Epoch 26/100
782/782 - 33s - loss: 2.1671 - Top-1 Accuracy: 0.4606 - Top-5 Accuracy: 0.7374 - val_loss: 2.6203 - val_Top-1 Accuracy: 0.3904 - val_Top-5 Accuracy: 0.6614 - lr: 1.0000e-04 - 33s/epoch - 43ms/step
Epoch 27/100
782/782 - 33s - loss: 2.1624 - Top-1 Accuracy: 0.4628 - Top-5 Accuracy: 0.7389 - val_loss: 2.6202 - val_Top-1 Accuracy: 0.3902 - val_Top-5 Accuracy: 0.6617 - lr: 1.0000e-04 - 33s/epoch - 43ms/step
Epoch 28/100

Epoch 28: ReduceLROnPlateau reducing learning rate to 9.999999019782991e-06.
782/782 - 33s - loss: 2.1667 - Top-1 Accuracy: 0.4607 - Top-5 Accuracy: 0.7376 - val_loss: 2.6199 - val_Top-1 Accuracy: 0.3908 - val_Top-5 Accuracy: 0.6628 - lr: 1.0000e-04 - 33s/epoch - 43ms/step
Epoch 29/100
782/782 - 33s - loss: 2.1601 - Top-1 Accuracy: 0.4637 - Top-5 Accuracy: 0.7394 - val_loss: 2.6198 - val_Top-1 Accuracy: 0.3900 - val_Top-5 Accuracy: 0.6623 - lr: 1.0000e-05 - 33s/epoch - 43ms/step
Epoch 30/100
782/782 - 33s - loss: 2.1669 - Top-1 Accuracy: 0.4616 - Top-5 Accuracy: 0.7392 - val_loss: 2.6201 - val_Top-1 Accuracy: 0.3902 - val_Top-5 Accuracy: 0.6619 - lr: 1.0000e-05 - 33s/epoch - 43ms/step
Epoch 31/100
782/782 - 33s - loss: 2.1601 - Top-1 Accuracy: 0.4617 - Top-5 Accuracy: 0.7394 - val_loss: 2.6192 - val_Top-1 Accuracy: 0.3903 - val_Top-5 Accuracy: 0.6617 - lr: 1.0000e-05 - 33s/epoch - 43ms/step
Epoch 32/100
782/782 - 33s - loss: 2.1613 - Top-1 Accuracy: 0.4620 - Top-5 Accuracy: 0.7388 - val_loss: 2.6200 - val_Top-1 Accuracy: 0.3895 - val_Top-5 Accuracy: 0.6619 - lr: 1.0000e-05 - 33s/epoch - 43ms/step
Epoch 33/100
782/782 - 33s - loss: 2.1684 - Top-1 Accuracy: 0.4599 - Top-5 Accuracy: 0.7381 - val_loss: 2.6195 - val_Top-1 Accuracy: 0.3907 - val_Top-5 Accuracy: 0.6621 - lr: 1.0000e-05 - 33s/epoch - 43ms/step
Epoch 34/100

Epoch 34: ReduceLROnPlateau reducing learning rate to 9.99999883788405e-07.
782/782 - 33s - loss: 2.1604 - Top-1 Accuracy: 0.4612 - Top-5 Accuracy: 0.7396 - val_loss: 2.6197 - val_Top-1 Accuracy: 0.3903 - val_Top-5 Accuracy: 0.6622 - lr: 1.0000e-05 - 33s/epoch - 43ms/step
Epoch 35/100
782/782 - 33s - loss: 2.1596 - Top-1 Accuracy: 0.4623 - Top-5 Accuracy: 0.7395 - val_loss: 2.6201 - val_Top-1 Accuracy: 0.3903 - val_Top-5 Accuracy: 0.6627 - lr: 1.0000e-06 - 33s/epoch - 43ms/step
Epoch 36/100
782/782 - 33s - loss: 2.1617 - Top-1 Accuracy: 0.4615 - Top-5 Accuracy: 0.7383 - val_loss: 2.6198 - val_Top-1 Accuracy: 0.3909 - val_Top-5 Accuracy: 0.6619 - lr: 1.0000e-06 - 33s/epoch - 43ms/step
Epoch 37/100

Epoch 37: ReduceLROnPlateau reducing learning rate to 1e-07.
782/782 - 33s - loss: 2.1584 - Top-1 Accuracy: 0.4629 - Top-5 Accuracy: 0.7401 - val_loss: 2.6196 - val_Top-1 Accuracy: 0.3902 - val_Top-5 Accuracy: 0.6615 - lr: 1.0000e-06 - 33s/epoch - 43ms/step
Epoch 38/100
782/782 - 33s - loss: 2.1634 - Top-1 Accuracy: 0.4636 - Top-5 Accuracy: 0.7384 - val_loss: 2.6200 - val_Top-1 Accuracy: 0.3903 - val_Top-5 Accuracy: 0.6620 - lr: 1.0000e-07 - 33s/epoch - 43ms/step
Epoch 39/100
782/782 - 34s - loss: 2.1578 - Top-1 Accuracy: 0.4626 - Top-5 Accuracy: 0.7386 - val_loss: 2.6196 - val_Top-1 Accuracy: 0.3902 - val_Top-5 Accuracy: 0.6626 - lr: 1.0000e-07 - 34s/epoch - 43ms/step
Epoch 40/100
782/782 - 33s - loss: 2.1623 - Top-1 Accuracy: 0.4634 - Top-5 Accuracy: 0.7397 - val_loss: 2.6199 - val_Top-1 Accuracy: 0.3905 - val_Top-5 Accuracy: 0.6625 - lr: 1.0000e-07 - 33s/epoch - 43ms/step
Epoch 41/100
782/782 - 33s - loss: 2.1633 - Top-1 Accuracy: 0.4630 - Top-5 Accuracy: 0.7385 - val_loss: 2.6199 - val_Top-1 Accuracy: 0.3896 - val_Top-5 Accuracy: 0.6613 - lr: 1.0000e-07 - 33s/epoch - 43ms/step
Epoch 41: early stopping
Found 100000 files belonging to 200 classes.
Found 10000 files belonging to 200 classes.
Model: "model_4"
_________________________________________________________________
 Layer (type)                Output Shape              Param #   
=================================================================
 input_5 (InputLayer)        [(None, 48, 48, 3)]       0         
                                                                 
 conv2d_56 (Conv2D)          (None, 23, 23, 24)        672       
                                                                 
 batch_normalization_160 (B  (None, 23, 23, 24)        96        
 atchNormalization)                                              
                                                                 
 activation_56 (Activation)  (None, 23, 23, 24)        0         
                                                                 
 linear_bottleneck_block_52  (None, 12, 12, 24)        1368      
  (LinearBottleneckBlock)                                        
                                                                 
 linear_bottleneck_block_53  (None, 12, 12, 24)        1368      
  (LinearBottleneckBlock)                                        
                                                                 
 linear_bottleneck_block_54  (None, 12, 12, 24)        1368      
  (LinearBottleneckBlock)                                        
                                                                 
 linear_bottleneck_block_55  (None, 12, 12, 24)        1368      
  (LinearBottleneckBlock)                                        
                                                                 
 linear_bottleneck_block_56  (None, 6, 6, 96)          4464      
  (LinearBottleneckBlock)                                        
                                                                 
 linear_bottleneck_block_57  (None, 6, 6, 96)          12384     
  (LinearBottleneckBlock)                                        
                                                                 
 linear_bottleneck_block_58  (None, 6, 6, 96)          12384     
  (LinearBottleneckBlock)                                        
                                                                 
 linear_bottleneck_block_59  (None, 6, 6, 96)          12384     
  (LinearBottleneckBlock)                                        
                                                                 
 linear_bottleneck_block_60  (None, 3, 3, 168)         20664     
  (LinearBottleneckBlock)                                        
                                                                 
 linear_bottleneck_block_61  (None, 3, 3, 168)         33768     
  (LinearBottleneckBlock)                                        
                                                                 
 linear_bottleneck_block_62  (None, 3, 3, 168)         33768     
  (LinearBottleneckBlock)                                        
                                                                 
 linear_bottleneck_block_63  (None, 2, 2, 192)         38256     
  (LinearBottleneckBlock)                                        
                                                                 
 linear_bottleneck_block_64  (None, 2, 2, 384)         83712     
  (LinearBottleneckBlock)                                        
                                                                 
 global_average_pooling2d_4  (None, 384)               0         
  (GlobalAveragePooling2D)                                       
                                                                 
 dropout_4 (Dropout)         (None, 384)               0         
                                                                 
 dense_4 (Dense)             (None, 200)               77000     
                                                                 
=================================================================
Total params: 335024 (1.28 MB)
Trainable params: 326336 (1.24 MB)
Non-trainable params: 8688 (33.94 KB)
_________________________________________________________________
Epoch 1/100
782/782 - 40s - loss: 3.1312 - Top-1 Accuracy: 0.2807 - Top-5 Accuracy: 0.5502 - val_loss: 3.4786 - val_Top-1 Accuracy: 0.2286 - val_Top-5 Accuracy: 0.4876 - lr: 0.1000 - 40s/epoch - 51ms/step
Epoch 2/100
782/782 - 27s - loss: 3.0116 - Top-1 Accuracy: 0.3020 - Top-5 Accuracy: 0.5756 - val_loss: 3.4337 - val_Top-1 Accuracy: 0.2398 - val_Top-5 Accuracy: 0.4900 - lr: 0.1000 - 27s/epoch - 35ms/step
Epoch 3/100
782/782 - 27s - loss: 2.9564 - Top-1 Accuracy: 0.3117 - Top-5 Accuracy: 0.5872 - val_loss: 3.1756 - val_Top-1 Accuracy: 0.2781 - val_Top-5 Accuracy: 0.5451 - lr: 0.1000 - 27s/epoch - 35ms/step
Epoch 4/100
782/782 - 27s - loss: 2.9065 - Top-1 Accuracy: 0.3195 - Top-5 Accuracy: 0.5981 - val_loss: 3.2198 - val_Top-1 Accuracy: 0.2773 - val_Top-5 Accuracy: 0.5385 - lr: 0.1000 - 27s/epoch - 35ms/step
Epoch 5/100
782/782 - 27s - loss: 2.8640 - Top-1 Accuracy: 0.3282 - Top-5 Accuracy: 0.6065 - val_loss: 3.2896 - val_Top-1 Accuracy: 0.2605 - val_Top-5 Accuracy: 0.5231 - lr: 0.1000 - 27s/epoch - 35ms/step
Epoch 6/100

Epoch 6: ReduceLROnPlateau reducing learning rate to 0.010000000149011612.
782/782 - 27s - loss: 2.8252 - Top-1 Accuracy: 0.3336 - Top-5 Accuracy: 0.6145 - val_loss: 3.4189 - val_Top-1 Accuracy: 0.2459 - val_Top-5 Accuracy: 0.4986 - lr: 0.1000 - 27s/epoch - 35ms/step
Epoch 7/100
782/782 - 27s - loss: 2.6178 - Top-1 Accuracy: 0.3738 - Top-5 Accuracy: 0.6535 - val_loss: 2.8519 - val_Top-1 Accuracy: 0.3421 - val_Top-5 Accuracy: 0.6128 - lr: 0.0100 - 27s/epoch - 35ms/step
Epoch 8/100
782/782 - 27s - loss: 2.5312 - Top-1 Accuracy: 0.3904 - Top-5 Accuracy: 0.6708 - val_loss: 2.8346 - val_Top-1 Accuracy: 0.3487 - val_Top-5 Accuracy: 0.6129 - lr: 0.0100 - 27s/epoch - 35ms/step
Epoch 9/100
782/782 - 27s - loss: 2.5014 - Top-1 Accuracy: 0.3965 - Top-5 Accuracy: 0.6770 - val_loss: 2.8286 - val_Top-1 Accuracy: 0.3531 - val_Top-5 Accuracy: 0.6129 - lr: 0.0100 - 27s/epoch - 35ms/step
Epoch 10/100
782/782 - 28s - loss: 2.4784 - Top-1 Accuracy: 0.4024 - Top-5 Accuracy: 0.6805 - val_loss: 2.8152 - val_Top-1 Accuracy: 0.3512 - val_Top-5 Accuracy: 0.6167 - lr: 0.0100 - 28s/epoch - 35ms/step
Epoch 11/100
782/782 - 27s - loss: 2.4627 - Top-1 Accuracy: 0.4047 - Top-5 Accuracy: 0.6813 - val_loss: 2.8266 - val_Top-1 Accuracy: 0.3512 - val_Top-5 Accuracy: 0.6130 - lr: 0.0100 - 27s/epoch - 35ms/step
Epoch 12/100
782/782 - 27s - loss: 2.4432 - Top-1 Accuracy: 0.4064 - Top-5 Accuracy: 0.6879 - val_loss: 2.8352 - val_Top-1 Accuracy: 0.3498 - val_Top-5 Accuracy: 0.6141 - lr: 0.0100 - 27s/epoch - 35ms/step
Epoch 13/100
782/782 - 27s - loss: 2.4277 - Top-1 Accuracy: 0.4090 - Top-5 Accuracy: 0.6898 - val_loss: 2.8140 - val_Top-1 Accuracy: 0.3524 - val_Top-5 Accuracy: 0.6198 - lr: 0.0100 - 27s/epoch - 35ms/step
Epoch 14/100
782/782 - 27s - loss: 2.4184 - Top-1 Accuracy: 0.4119 - Top-5 Accuracy: 0.6926 - val_loss: 2.8259 - val_Top-1 Accuracy: 0.3506 - val_Top-5 Accuracy: 0.6187 - lr: 0.0100 - 27s/epoch - 35ms/step
Epoch 15/100
782/782 - 27s - loss: 2.4083 - Top-1 Accuracy: 0.4133 - Top-5 Accuracy: 0.6944 - val_loss: 2.8285 - val_Top-1 Accuracy: 0.3512 - val_Top-5 Accuracy: 0.6154 - lr: 0.0100 - 27s/epoch - 35ms/step
Epoch 16/100

Epoch 16: ReduceLROnPlateau reducing learning rate to 0.0009999999776482583.
782/782 - 27s - loss: 2.3938 - Top-1 Accuracy: 0.4164 - Top-5 Accuracy: 0.6959 - val_loss: 2.8302 - val_Top-1 Accuracy: 0.3501 - val_Top-5 Accuracy: 0.6177 - lr: 0.0100 - 27s/epoch - 35ms/step
Epoch 17/100
782/782 - 27s - loss: 2.3697 - Top-1 Accuracy: 0.4220 - Top-5 Accuracy: 0.6996 - val_loss: 2.7951 - val_Top-1 Accuracy: 0.3576 - val_Top-5 Accuracy: 0.6254 - lr: 1.0000e-03 - 27s/epoch - 35ms/step
Epoch 18/100
782/782 - 27s - loss: 2.3597 - Top-1 Accuracy: 0.4233 - Top-5 Accuracy: 0.7028 - val_loss: 2.7933 - val_Top-1 Accuracy: 0.3577 - val_Top-5 Accuracy: 0.6263 - lr: 1.0000e-03 - 27s/epoch - 35ms/step
Epoch 19/100
782/782 - 27s - loss: 2.3525 - Top-1 Accuracy: 0.4247 - Top-5 Accuracy: 0.7030 - val_loss: 2.7935 - val_Top-1 Accuracy: 0.3569 - val_Top-5 Accuracy: 0.6267 - lr: 1.0000e-03 - 27s/epoch - 35ms/step
Epoch 20/100
782/782 - 27s - loss: 2.3527 - Top-1 Accuracy: 0.4244 - Top-5 Accuracy: 0.7034 - val_loss: 2.7940 - val_Top-1 Accuracy: 0.3563 - val_Top-5 Accuracy: 0.6270 - lr: 1.0000e-03 - 27s/epoch - 35ms/step
Epoch 21/100

Epoch 21: ReduceLROnPlateau reducing learning rate to 9.999999310821295e-05.
782/782 - 27s - loss: 2.3477 - Top-1 Accuracy: 0.4251 - Top-5 Accuracy: 0.7053 - val_loss: 2.7938 - val_Top-1 Accuracy: 0.3574 - val_Top-5 Accuracy: 0.6251 - lr: 1.0000e-03 - 27s/epoch - 35ms/step
Epoch 22/100
782/782 - 27s - loss: 2.3404 - Top-1 Accuracy: 0.4267 - Top-5 Accuracy: 0.7069 - val_loss: 2.7930 - val_Top-1 Accuracy: 0.3564 - val_Top-5 Accuracy: 0.6267 - lr: 1.0000e-04 - 27s/epoch - 35ms/step
Epoch 23/100
782/782 - 27s - loss: 2.3379 - Top-1 Accuracy: 0.4266 - Top-5 Accuracy: 0.7066 - val_loss: 2.7927 - val_Top-1 Accuracy: 0.3573 - val_Top-5 Accuracy: 0.6272 - lr: 1.0000e-04 - 27s/epoch - 35ms/step
Epoch 24/100
782/782 - 27s - loss: 2.3375 - Top-1 Accuracy: 0.4263 - Top-5 Accuracy: 0.7071 - val_loss: 2.7931 - val_Top-1 Accuracy: 0.3562 - val_Top-5 Accuracy: 0.6269 - lr: 1.0000e-04 - 27s/epoch - 35ms/step
Epoch 25/100
782/782 - 27s - loss: 2.3418 - Top-1 Accuracy: 0.4273 - Top-5 Accuracy: 0.7054 - val_loss: 2.7925 - val_Top-1 Accuracy: 0.3559 - val_Top-5 Accuracy: 0.6275 - lr: 1.0000e-04 - 27s/epoch - 35ms/step
Epoch 26/100
782/782 - 27s - loss: 2.3457 - Top-1 Accuracy: 0.4258 - Top-5 Accuracy: 0.7054 - val_loss: 2.7924 - val_Top-1 Accuracy: 0.3557 - val_Top-5 Accuracy: 0.6272 - lr: 1.0000e-04 - 27s/epoch - 35ms/step
Epoch 27/100
782/782 - 27s - loss: 2.3419 - Top-1 Accuracy: 0.4260 - Top-5 Accuracy: 0.7062 - val_loss: 2.7926 - val_Top-1 Accuracy: 0.3565 - val_Top-5 Accuracy: 0.6269 - lr: 1.0000e-04 - 27s/epoch - 35ms/step
Epoch 28/100

Epoch 28: ReduceLROnPlateau reducing learning rate to 9.999999019782991e-06.
782/782 - 27s - loss: 2.3383 - Top-1 Accuracy: 0.4268 - Top-5 Accuracy: 0.7072 - val_loss: 2.7926 - val_Top-1 Accuracy: 0.3556 - val_Top-5 Accuracy: 0.6274 - lr: 1.0000e-04 - 27s/epoch - 35ms/step
Epoch 29/100
782/782 - 27s - loss: 2.3356 - Top-1 Accuracy: 0.4266 - Top-5 Accuracy: 0.7086 - val_loss: 2.7926 - val_Top-1 Accuracy: 0.3566 - val_Top-5 Accuracy: 0.6279 - lr: 1.0000e-05 - 27s/epoch - 35ms/step
Epoch 30/100
782/782 - 27s - loss: 2.3364 - Top-1 Accuracy: 0.4264 - Top-5 Accuracy: 0.7073 - val_loss: 2.7928 - val_Top-1 Accuracy: 0.3564 - val_Top-5 Accuracy: 0.6274 - lr: 1.0000e-05 - 27s/epoch - 35ms/step
Epoch 31/100
782/782 - 27s - loss: 2.3394 - Top-1 Accuracy: 0.4270 - Top-5 Accuracy: 0.7067 - val_loss: 2.7923 - val_Top-1 Accuracy: 0.3560 - val_Top-5 Accuracy: 0.6275 - lr: 1.0000e-05 - 27s/epoch - 35ms/step
Epoch 32/100
782/782 - 27s - loss: 2.3446 - Top-1 Accuracy: 0.4244 - Top-5 Accuracy: 0.7059 - val_loss: 2.7926 - val_Top-1 Accuracy: 0.3562 - val_Top-5 Accuracy: 0.6271 - lr: 1.0000e-05 - 27s/epoch - 35ms/step
Epoch 33/100
782/782 - 27s - loss: 2.3458 - Top-1 Accuracy: 0.4258 - Top-5 Accuracy: 0.7053 - val_loss: 2.7927 - val_Top-1 Accuracy: 0.3563 - val_Top-5 Accuracy: 0.6268 - lr: 1.0000e-05 - 27s/epoch - 35ms/step
Epoch 34/100

Epoch 34: ReduceLROnPlateau reducing learning rate to 9.99999883788405e-07.
782/782 - 27s - loss: 2.3381 - Top-1 Accuracy: 0.4272 - Top-5 Accuracy: 0.7065 - val_loss: 2.7925 - val_Top-1 Accuracy: 0.3558 - val_Top-5 Accuracy: 0.6271 - lr: 1.0000e-05 - 27s/epoch - 35ms/step
Epoch 35/100
782/782 - 27s - loss: 2.3416 - Top-1 Accuracy: 0.4263 - Top-5 Accuracy: 0.7061 - val_loss: 2.7927 - val_Top-1 Accuracy: 0.3558 - val_Top-5 Accuracy: 0.6274 - lr: 1.0000e-06 - 27s/epoch - 35ms/step
Epoch 36/100
782/782 - 27s - loss: 2.3382 - Top-1 Accuracy: 0.4279 - Top-5 Accuracy: 0.7067 - val_loss: 2.7925 - val_Top-1 Accuracy: 0.3563 - val_Top-5 Accuracy: 0.6269 - lr: 1.0000e-06 - 27s/epoch - 35ms/step
Epoch 37/100

Epoch 37: ReduceLROnPlateau reducing learning rate to 1e-07.
782/782 - 27s - loss: 2.3404 - Top-1 Accuracy: 0.4274 - Top-5 Accuracy: 0.7068 - val_loss: 2.7923 - val_Top-1 Accuracy: 0.3558 - val_Top-5 Accuracy: 0.6270 - lr: 1.0000e-06 - 27s/epoch - 35ms/step
Epoch 38/100
782/782 - 27s - loss: 2.3410 - Top-1 Accuracy: 0.4279 - Top-5 Accuracy: 0.7050 - val_loss: 2.7929 - val_Top-1 Accuracy: 0.3558 - val_Top-5 Accuracy: 0.6272 - lr: 1.0000e-07 - 27s/epoch - 35ms/step
Epoch 39/100
782/782 - 27s - loss: 2.3392 - Top-1 Accuracy: 0.4257 - Top-5 Accuracy: 0.7056 - val_loss: 2.7924 - val_Top-1 Accuracy: 0.3560 - val_Top-5 Accuracy: 0.6274 - lr: 1.0000e-07 - 27s/epoch - 35ms/step
Epoch 40/100
782/782 - 27s - loss: 2.3397 - Top-1 Accuracy: 0.4266 - Top-5 Accuracy: 0.7054 - val_loss: 2.7927 - val_Top-1 Accuracy: 0.3560 - val_Top-5 Accuracy: 0.6276 - lr: 1.0000e-07 - 27s/epoch - 35ms/step
Epoch 41/100
782/782 - 27s - loss: 2.3413 - Top-1 Accuracy: 0.4270 - Top-5 Accuracy: 0.7069 - val_loss: 2.7926 - val_Top-1 Accuracy: 0.3558 - val_Top-5 Accuracy: 0.6278 - lr: 1.0000e-07 - 27s/epoch - 35ms/step
Epoch 42/100
782/782 - 27s - loss: 2.3396 - Top-1 Accuracy: 0.4268 - Top-5 Accuracy: 0.7067 - val_loss: 2.7924 - val_Top-1 Accuracy: 0.3562 - val_Top-5 Accuracy: 0.6274 - lr: 1.0000e-07 - 27s/epoch - 35ms/step
Epoch 43/100
782/782 - 27s - loss: 2.3440 - Top-1 Accuracy: 0.4256 - Top-5 Accuracy: 0.7054 - val_loss: 2.7925 - val_Top-1 Accuracy: 0.3559 - val_Top-5 Accuracy: 0.6276 - lr: 1.0000e-07 - 27s/epoch - 35ms/step
Epoch 44/100
782/782 - 27s - loss: 2.3393 - Top-1 Accuracy: 0.4293 - Top-5 Accuracy: 0.7065 - val_loss: 2.7924 - val_Top-1 Accuracy: 0.3559 - val_Top-5 Accuracy: 0.6268 - lr: 1.0000e-07 - 27s/epoch - 35ms/step
Epoch 45/100
782/782 - 27s - loss: 2.3414 - Top-1 Accuracy: 0.4263 - Top-5 Accuracy: 0.7058 - val_loss: 2.7923 - val_Top-1 Accuracy: 0.3558 - val_Top-5 Accuracy: 0.6268 - lr: 1.0000e-07 - 27s/epoch - 35ms/step
Epoch 46/100
782/782 - 27s - loss: 2.3399 - Top-1 Accuracy: 0.4260 - Top-5 Accuracy: 0.7067 - val_loss: 2.7925 - val_Top-1 Accuracy: 0.3560 - val_Top-5 Accuracy: 0.6267 - lr: 1.0000e-07 - 27s/epoch - 35ms/step
Epoch 47/100
782/782 - 27s - loss: 2.3429 - Top-1 Accuracy: 0.4271 - Top-5 Accuracy: 0.7059 - val_loss: 2.7926 - val_Top-1 Accuracy: 0.3560 - val_Top-5 Accuracy: 0.6272 - lr: 1.0000e-07 - 27s/epoch - 35ms/step
Epoch 47: early stopping
